{"numFailedTestSuites":3,"numFailedTests":8,"numPassedTestSuites":3,"numPassedTests":8,"numPendingTestSuites":0,"numPendingTests":0,"numRuntimeErrorTestSuites":0,"numTodoTests":0,"numTotalTestSuites":6,"numTotalTests":16,"openHandles":[],"snapshot":{"added":0,"didUpdate":false,"failure":false,"filesAdded":0,"filesRemoved":0,"filesRemovedList":[],"filesUnmatched":0,"filesUpdated":0,"matched":0,"total":0,"unchecked":0,"uncheckedKeysByFile":[],"unmatched":0,"updated":0},"startTime":1602156183604,"success":false,"testResults":[{"assertionResults":[{"ancestorTitles":[],"failureMessages":[],"fullName":"should fetch products","location":null,"status":"passed","title":"should fetch products"},{"ancestorTitles":[],"failureMessages":[],"fullName":"should add product","location":null,"status":"passed","title":"should add product"},{"ancestorTitles":[],"failureMessages":[],"fullName":"should modify product","location":null,"status":"passed","title":"should modify product"},{"ancestorTitles":[],"failureMessages":[],"fullName":"should delete product","location":null,"status":"passed","title":"should delete product"}],"endTime":1602156187689,"message":"","name":"C:\\Users\\omarb\\varastonhallinta\\client\\src\\services\\products.test.js","startTime":1602156185914,"status":"passed","summary":""},{"assertionResults":[{"ancestorTitles":["Application root"],"failureMessages":[],"fullName":"Application root should render without crashing","location":null,"status":"passed","title":"should render without crashing"}],"endTime":1602156188220,"message":"","name":"C:\\Users\\omarb\\varastonhallinta\\client\\src\\index.test.js","startTime":1602156185900,"status":"passed","summary":""},{"assertionResults":[{"ancestorTitles":[],"failureMessages":["Error: Product(...): Nothing was returned from render. This usually means a return statement is missing. Or, to render nothing, return null.\n    at reconcileChildFibers (C:\\Users\\omarb\\varastonhallinta\\client\\node_modules\\react-dom\\cjs\\react-dom.development.js:14348:23)\n    at reconcileChildren (C:\\Users\\omarb\\varastonhallinta\\client\\node_modules\\react-dom\\cjs\\react-dom.development.js:16762:28)\n    at mountIndeterminateComponent (C:\\Users\\omarb\\varastonhallinta\\client\\node_modules\\react-dom\\cjs\\react-dom.development.js:17542:5)\n    at beginWork (C:\\Users\\omarb\\varastonhallinta\\client\\node_modules\\react-dom\\cjs\\react-dom.development.js:18596:16)\n    at HTMLUnknownElement.callCallback (C:\\Users\\omarb\\varastonhallinta\\client\\node_modules\\react-dom\\cjs\\react-dom.development.js:188:14)\n    at innerInvokeEventListeners (C:\\Users\\omarb\\varastonhallinta\\client\\node_modules\\jest-environment-jsdom-fourteen\\node_modules\\jsdom\\lib\\jsdom\\living\\events\\EventTarget-impl.js:315:27)\n    at invokeEventListeners (C:\\Users\\omarb\\varastonhallinta\\client\\node_modules\\jest-environment-jsdom-fourteen\\node_modules\\jsdom\\lib\\jsdom\\living\\events\\EventTarget-impl.js:266:3)\n    at HTMLUnknownElementImpl._dispatch (C:\\Users\\omarb\\varastonhallinta\\client\\node_modules\\jest-environment-jsdom-fourteen\\node_modules\\jsdom\\lib\\jsdom\\living\\events\\EventTarget-impl.js:212:11)\n    at HTMLUnknownElementImpl.dispatchEvent (C:\\Users\\omarb\\varastonhallinta\\client\\node_modules\\jest-environment-jsdom-fourteen\\node_modules\\jsdom\\lib\\jsdom\\living\\events\\EventTarget-impl.js:87:17)\n    at HTMLUnknownElement.dispatchEvent (C:\\Users\\omarb\\varastonhallinta\\client\\node_modules\\jest-environment-jsdom-fourteen\\node_modules\\jsdom\\lib\\jsdom\\living\\generated\\EventTarget.js:144:23)\n    at Object.invokeGuardedCallbackDev (C:\\Users\\omarb\\varastonhallinta\\client\\node_modules\\react-dom\\cjs\\react-dom.development.js:237:16)\n    at invokeGuardedCallback (C:\\Users\\omarb\\varastonhallinta\\client\\node_modules\\react-dom\\cjs\\react-dom.development.js:292:31)\n    at beginWork$1 (C:\\Users\\omarb\\varastonhallinta\\client\\node_modules\\react-dom\\cjs\\react-dom.development.js:23203:7)\n    at performUnitOfWork (C:\\Users\\omarb\\varastonhallinta\\client\\node_modules\\react-dom\\cjs\\react-dom.development.js:22157:12)\n    at workLoopSync (C:\\Users\\omarb\\varastonhallinta\\client\\node_modules\\react-dom\\cjs\\react-dom.development.js:22130:22)\n    at performSyncWorkOnRoot (C:\\Users\\omarb\\varastonhallinta\\client\\node_modules\\react-dom\\cjs\\react-dom.development.js:21756:9)\n    at scheduleUpdateOnFiber (C:\\Users\\omarb\\varastonhallinta\\client\\node_modules\\react-dom\\cjs\\react-dom.development.js:21188:7)\n    at updateContainer (C:\\Users\\omarb\\varastonhallinta\\client\\node_modules\\react-dom\\cjs\\react-dom.development.js:24373:3)\n    at C:\\Users\\omarb\\varastonhallinta\\client\\node_modules\\react-dom\\cjs\\react-dom.development.js:24758:7\n    at unbatchedUpdates (C:\\Users\\omarb\\varastonhallinta\\client\\node_modules\\react-dom\\cjs\\react-dom.development.js:21903:12)\n    at legacyRenderSubtreeIntoContainer (C:\\Users\\omarb\\varastonhallinta\\client\\node_modules\\react-dom\\cjs\\react-dom.development.js:24757:5)\n    at Object.render (C:\\Users\\omarb\\varastonhallinta\\client\\node_modules\\react-dom\\cjs\\react-dom.development.js:24840:10)\n    at C:\\Users\\omarb\\varastonhallinta\\client\\node_modules\\@testing-library\\react\\dist\\pure.js:86:25\n    at batchedUpdates$1 (C:\\Users\\omarb\\varastonhallinta\\client\\node_modules\\react-dom\\cjs\\react-dom.development.js:21856:12)\n    at act (C:\\Users\\omarb\\varastonhallinta\\client\\node_modules\\react-dom\\cjs\\react-dom-test-utils.development.js:929:14)\n    at render (C:\\Users\\omarb\\varastonhallinta\\client\\node_modules\\@testing-library\\react\\dist\\pure.js:82:26)\n    at Object.<anonymous> (C:\\Users\\omarb\\varastonhallinta\\client\\src\\models\\Product.test.js:11:21)\n    at Object.asyncJestTest (C:\\Users\\omarb\\varastonhallinta\\client\\node_modules\\jest-jasmine2\\build\\jasmineAsyncInstall.js:102:37)\n    at C:\\Users\\omarb\\varastonhallinta\\client\\node_modules\\jest-jasmine2\\build\\queueRunner.js:43:12\n    at new Promise (<anonymous>)\n    at mapper (C:\\Users\\omarb\\varastonhallinta\\client\\node_modules\\jest-jasmine2\\build\\queueRunner.js:26:19)\n    at C:\\Users\\omarb\\varastonhallinta\\client\\node_modules\\jest-jasmine2\\build\\queueRunner.js:73:41\n    at processTicksAndRejections (internal/process/task_queues.js:97:5)"],"fullName":"renders array of product","location":null,"status":"failed","title":"renders array of product"},{"ancestorTitles":[],"failureMessages":["Error: Product(...): Nothing was returned from render. This usually means a return statement is missing. Or, to render nothing, return null.\n    at reconcileChildFibers (C:\\Users\\omarb\\varastonhallinta\\client\\node_modules\\react-dom\\cjs\\react-dom.development.js:14348:23)\n    at reconcileChildren (C:\\Users\\omarb\\varastonhallinta\\client\\node_modules\\react-dom\\cjs\\react-dom.development.js:16762:28)\n    at mountIndeterminateComponent (C:\\Users\\omarb\\varastonhallinta\\client\\node_modules\\react-dom\\cjs\\react-dom.development.js:17542:5)\n    at beginWork (C:\\Users\\omarb\\varastonhallinta\\client\\node_modules\\react-dom\\cjs\\react-dom.development.js:18596:16)\n    at HTMLUnknownElement.callCallback (C:\\Users\\omarb\\varastonhallinta\\client\\node_modules\\react-dom\\cjs\\react-dom.development.js:188:14)\n    at innerInvokeEventListeners (C:\\Users\\omarb\\varastonhallinta\\client\\node_modules\\jest-environment-jsdom-fourteen\\node_modules\\jsdom\\lib\\jsdom\\living\\events\\EventTarget-impl.js:315:27)\n    at invokeEventListeners (C:\\Users\\omarb\\varastonhallinta\\client\\node_modules\\jest-environment-jsdom-fourteen\\node_modules\\jsdom\\lib\\jsdom\\living\\events\\EventTarget-impl.js:266:3)\n    at HTMLUnknownElementImpl._dispatch (C:\\Users\\omarb\\varastonhallinta\\client\\node_modules\\jest-environment-jsdom-fourteen\\node_modules\\jsdom\\lib\\jsdom\\living\\events\\EventTarget-impl.js:212:11)\n    at HTMLUnknownElementImpl.dispatchEvent (C:\\Users\\omarb\\varastonhallinta\\client\\node_modules\\jest-environment-jsdom-fourteen\\node_modules\\jsdom\\lib\\jsdom\\living\\events\\EventTarget-impl.js:87:17)\n    at HTMLUnknownElement.dispatchEvent (C:\\Users\\omarb\\varastonhallinta\\client\\node_modules\\jest-environment-jsdom-fourteen\\node_modules\\jsdom\\lib\\jsdom\\living\\generated\\EventTarget.js:144:23)\n    at Object.invokeGuardedCallbackDev (C:\\Users\\omarb\\varastonhallinta\\client\\node_modules\\react-dom\\cjs\\react-dom.development.js:237:16)\n    at invokeGuardedCallback (C:\\Users\\omarb\\varastonhallinta\\client\\node_modules\\react-dom\\cjs\\react-dom.development.js:292:31)\n    at beginWork$1 (C:\\Users\\omarb\\varastonhallinta\\client\\node_modules\\react-dom\\cjs\\react-dom.development.js:23203:7)\n    at performUnitOfWork (C:\\Users\\omarb\\varastonhallinta\\client\\node_modules\\react-dom\\cjs\\react-dom.development.js:22157:12)\n    at workLoopSync (C:\\Users\\omarb\\varastonhallinta\\client\\node_modules\\react-dom\\cjs\\react-dom.development.js:22130:22)\n    at performSyncWorkOnRoot (C:\\Users\\omarb\\varastonhallinta\\client\\node_modules\\react-dom\\cjs\\react-dom.development.js:21756:9)\n    at scheduleUpdateOnFiber (C:\\Users\\omarb\\varastonhallinta\\client\\node_modules\\react-dom\\cjs\\react-dom.development.js:21188:7)\n    at updateContainer (C:\\Users\\omarb\\varastonhallinta\\client\\node_modules\\react-dom\\cjs\\react-dom.development.js:24373:3)\n    at C:\\Users\\omarb\\varastonhallinta\\client\\node_modules\\react-dom\\cjs\\react-dom.development.js:24758:7\n    at unbatchedUpdates (C:\\Users\\omarb\\varastonhallinta\\client\\node_modules\\react-dom\\cjs\\react-dom.development.js:21903:12)\n    at legacyRenderSubtreeIntoContainer (C:\\Users\\omarb\\varastonhallinta\\client\\node_modules\\react-dom\\cjs\\react-dom.development.js:24757:5)\n    at Object.render (C:\\Users\\omarb\\varastonhallinta\\client\\node_modules\\react-dom\\cjs\\react-dom.development.js:24840:10)\n    at Object.<anonymous> (C:\\Users\\omarb\\varastonhallinta\\client\\src\\models\\Product.test.js:20:12)\n    at Object.asyncJestTest (C:\\Users\\omarb\\varastonhallinta\\client\\node_modules\\jest-jasmine2\\build\\jasmineAsyncInstall.js:102:37)\n    at C:\\Users\\omarb\\varastonhallinta\\client\\node_modules\\jest-jasmine2\\build\\queueRunner.js:43:12\n    at new Promise (<anonymous>)\n    at mapper (C:\\Users\\omarb\\varastonhallinta\\client\\node_modules\\jest-jasmine2\\build\\queueRunner.js:26:19)\n    at C:\\Users\\omarb\\varastonhallinta\\client\\node_modules\\jest-jasmine2\\build\\queueRunner.js:73:41"],"fullName":"renders array of product","location":null,"status":"failed","title":"renders array of product"}],"endTime":1602156188527,"message":"\u001b[1m\u001b[31m  \u001b[1m● \u001b[1mrenders array of product\u001b[39m\u001b[22m\n\n    Product(...): Nothing was returned from render. This usually means a return statement is missing. Or, to render nothing, return null.\n\u001b[2m\u001b[22m\n\u001b[2m    \u001b[0m \u001b[90m  9 | \u001b[39m\u001b[0m\u001b[22m\n\u001b[2m    \u001b[0m \u001b[90m 10 | \u001b[39m\u001b[0m\u001b[22m\n\u001b[2m    \u001b[0m\u001b[31m\u001b[1m>\u001b[2m\u001b[39m\u001b[90m 11 | \u001b[39m  \u001b[36mconst\u001b[39m component \u001b[33m=\u001b[39m render(\u001b[33m<\u001b[39m\u001b[33mtable\u001b[39m\u001b[33m>\u001b[39m\u001b[33m<\u001b[39m\u001b[33mtfoot\u001b[39m\u001b[33m>\u001b[39m\u001b[33m<\u001b[39m\u001b[33mtr\u001b[39m\u001b[33m>\u001b[39m\u001b[33m<\u001b[39m\u001b[33mProduct\u001b[39m  item\u001b[33m=\u001b[39m{{name\u001b[33m:\u001b[39m\u001b[32m\"Apple\"\u001b[39m\u001b[33m,\u001b[39mamount\u001b[33m:\u001b[39m\u001b[35m54\u001b[39m\u001b[33m,\u001b[39msku\u001b[33m:\u001b[39m\u001b[32m\"696969696969\"\u001b[39m}}\u001b[33m/\u001b[39m\u001b[33m>\u001b[39m\u001b[33m<\u001b[39m\u001b[33m/\u001b[39m\u001b[33mtr\u001b[39m\u001b[33m>\u001b[39m\u001b[33m<\u001b[39m\u001b[33m/\u001b[39m\u001b[33mtfoot\u001b[39m\u001b[33m>\u001b[39m\u001b[33m<\u001b[39m\u001b[33m/\u001b[39m\u001b[33mtable\u001b[39m\u001b[33m>\u001b[39m)\u001b[0m\u001b[22m\n\u001b[2m    \u001b[0m \u001b[90m    | \u001b[39m                    \u001b[31m\u001b[1m^\u001b[2m\u001b[39m\u001b[0m\u001b[22m\n\u001b[2m    \u001b[0m \u001b[90m 12 | \u001b[39m  \u001b[36mconst\u001b[39m element \u001b[33m=\u001b[39m component\u001b[33m.\u001b[39mgetByText(\u001b[35m/Apple/i\u001b[39m)\u001b[33m;\u001b[39m\u001b[0m\u001b[22m\n\u001b[2m    \u001b[0m \u001b[90m 13 | \u001b[39m\u001b[0m\u001b[22m\n\u001b[2m    \u001b[0m \u001b[90m 14 | \u001b[39m})\u001b[33m;\u001b[39m\u001b[0m\u001b[22m\n\u001b[2m\u001b[22m\n\u001b[2m      \u001b[2mat reconcileChildFibers (\u001b[2mnode_modules/react-dom/cjs/react-dom.development.js\u001b[2m:14348:23)\u001b[2m\u001b[22m\n\u001b[2m      \u001b[2mat reconcileChildren (\u001b[2mnode_modules/react-dom/cjs/react-dom.development.js\u001b[2m:16762:28)\u001b[2m\u001b[22m\n\u001b[2m      \u001b[2mat mountIndeterminateComponent (\u001b[2mnode_modules/react-dom/cjs/react-dom.development.js\u001b[2m:17542:5)\u001b[2m\u001b[22m\n\u001b[2m      \u001b[2mat beginWork (\u001b[2mnode_modules/react-dom/cjs/react-dom.development.js\u001b[2m:18596:16)\u001b[2m\u001b[22m\n\u001b[2m      \u001b[2mat HTMLUnknownElement.callCallback (\u001b[2mnode_modules/react-dom/cjs/react-dom.development.js\u001b[2m:188:14)\u001b[2m\u001b[22m\n\u001b[2m      \u001b[2mat Object.invokeGuardedCallbackDev (\u001b[2mnode_modules/react-dom/cjs/react-dom.development.js\u001b[2m:237:16)\u001b[2m\u001b[22m\n\u001b[2m      \u001b[2mat invokeGuardedCallback (\u001b[2mnode_modules/react-dom/cjs/react-dom.development.js\u001b[2m:292:31)\u001b[2m\u001b[22m\n\u001b[2m      \u001b[2mat beginWork$1 (\u001b[2mnode_modules/react-dom/cjs/react-dom.development.js\u001b[2m:23203:7)\u001b[2m\u001b[22m\n\u001b[2m      \u001b[2mat performUnitOfWork (\u001b[2mnode_modules/react-dom/cjs/react-dom.development.js\u001b[2m:22157:12)\u001b[2m\u001b[22m\n\u001b[2m      \u001b[2mat workLoopSync (\u001b[2mnode_modules/react-dom/cjs/react-dom.development.js\u001b[2m:22130:22)\u001b[2m\u001b[22m\n\u001b[2m      \u001b[2mat performSyncWorkOnRoot (\u001b[2mnode_modules/react-dom/cjs/react-dom.development.js\u001b[2m:21756:9)\u001b[2m\u001b[22m\n\u001b[2m      \u001b[2mat scheduleUpdateOnFiber (\u001b[2mnode_modules/react-dom/cjs/react-dom.development.js\u001b[2m:21188:7)\u001b[2m\u001b[22m\n\u001b[2m      \u001b[2mat updateContainer (\u001b[2mnode_modules/react-dom/cjs/react-dom.development.js\u001b[2m:24373:3)\u001b[2m\u001b[22m\n\u001b[2m      \u001b[2mat \u001b[2mnode_modules/react-dom/cjs/react-dom.development.js\u001b[2m:24758:7\u001b[2m\u001b[22m\n\u001b[2m      \u001b[2mat unbatchedUpdates (\u001b[2mnode_modules/react-dom/cjs/react-dom.development.js\u001b[2m:21903:12)\u001b[2m\u001b[22m\n\u001b[2m      \u001b[2mat legacyRenderSubtreeIntoContainer (\u001b[2mnode_modules/react-dom/cjs/react-dom.development.js\u001b[2m:24757:5)\u001b[2m\u001b[22m\n\u001b[2m      \u001b[2mat Object.render (\u001b[2mnode_modules/react-dom/cjs/react-dom.development.js\u001b[2m:24840:10)\u001b[2m\u001b[22m\n\u001b[2m      \u001b[2mat \u001b[2mnode_modules/@testing-library/react/dist/pure.js\u001b[2m:86:25\u001b[2m\u001b[22m\n\u001b[2m      \u001b[2mat batchedUpdates$1 (\u001b[2mnode_modules/react-dom/cjs/react-dom.development.js\u001b[2m:21856:12)\u001b[2m\u001b[22m\n\u001b[2m      \u001b[2mat act (\u001b[2mnode_modules/react-dom/cjs/react-dom-test-utils.development.js\u001b[2m:929:14)\u001b[2m\u001b[22m\n\u001b[2m      \u001b[2mat render (\u001b[2mnode_modules/@testing-library/react/dist/pure.js\u001b[2m:82:26)\u001b[2m\u001b[22m\n\u001b[2m      \u001b[2mat Object.<anonymous> (\u001b[2m\u001b[0m\u001b[36msrc/models/Product.test.js\u001b[39m\u001b[0m\u001b[2m:11:21)\u001b[2m\u001b[22m\n\n\u001b[1m\u001b[31m  \u001b[1m● \u001b[1mrenders array of product\u001b[39m\u001b[22m\n\n    Product(...): Nothing was returned from render. This usually means a return statement is missing. Or, to render nothing, return null.\n\u001b[2m\u001b[22m\n\u001b[2m    \u001b[0m \u001b[90m 18 | \u001b[39m  \u001b[90m// just return the data\u001b[39m\u001b[0m\u001b[22m\n\u001b[2m    \u001b[0m \u001b[90m 19 | \u001b[39m  \u001b[36mconst\u001b[39m onSubmitFn \u001b[33m=\u001b[39m jest\u001b[33m.\u001b[39mfn(data \u001b[33m=>\u001b[39m data)\u001b[33m;\u001b[39m\u001b[0m\u001b[22m\n\u001b[2m    \u001b[0m\u001b[31m\u001b[1m>\u001b[2m\u001b[39m\u001b[90m 20 | \u001b[39m  \u001b[33mReactDOM\u001b[39m\u001b[33m.\u001b[39mrender(\u001b[0m\u001b[22m\n\u001b[2m    \u001b[0m \u001b[90m    | \u001b[39m           \u001b[31m\u001b[1m^\u001b[2m\u001b[39m\u001b[0m\u001b[22m\n\u001b[2m    \u001b[0m \u001b[90m 21 | \u001b[39m    \u001b[33m<\u001b[39m\u001b[33mtable\u001b[39m\u001b[33m>\u001b[39m\u001b[33m<\u001b[39m\u001b[33mtfoot\u001b[39m\u001b[33m>\u001b[39m\u001b[33m<\u001b[39m\u001b[33mtr\u001b[39m\u001b[33m>\u001b[39m\u001b[33m<\u001b[39m\u001b[33mProduct\u001b[39m action\u001b[33m=\u001b[39m{onSubmitFn} item\u001b[33m=\u001b[39m{{name\u001b[33m:\u001b[39m\u001b[32m\"Apple\"\u001b[39m\u001b[33m,\u001b[39mamount\u001b[33m:\u001b[39m\u001b[35m54\u001b[39m\u001b[33m,\u001b[39msku\u001b[33m:\u001b[39m\u001b[32m\"696969696969\"\u001b[39m}}\u001b[33m/\u001b[39m\u001b[33m>\u001b[39m\u001b[33m<\u001b[39m\u001b[33m/\u001b[39m\u001b[33mtr\u001b[39m\u001b[33m>\u001b[39m\u001b[33m<\u001b[39m\u001b[33m/\u001b[39m\u001b[33mtfoot\u001b[39m\u001b[33m>\u001b[39m\u001b[33m<\u001b[39m\u001b[33m/\u001b[39m\u001b[33mtable\u001b[39m\u001b[33m>\u001b[39m\u001b[33m,\u001b[39m\u001b[0m\u001b[22m\n\u001b[2m    \u001b[0m \u001b[90m 22 | \u001b[39m    wrapper\u001b[0m\u001b[22m\n\u001b[2m    \u001b[0m \u001b[90m 23 | \u001b[39m  )\u001b[33m;\u001b[39m\u001b[0m\u001b[22m\n\u001b[2m\u001b[22m\n\u001b[2m      \u001b[2mat reconcileChildFibers (\u001b[2mnode_modules/react-dom/cjs/react-dom.development.js\u001b[2m:14348:23)\u001b[2m\u001b[22m\n\u001b[2m      \u001b[2mat reconcileChildren (\u001b[2mnode_modules/react-dom/cjs/react-dom.development.js\u001b[2m:16762:28)\u001b[2m\u001b[22m\n\u001b[2m      \u001b[2mat mountIndeterminateComponent (\u001b[2mnode_modules/react-dom/cjs/react-dom.development.js\u001b[2m:17542:5)\u001b[2m\u001b[22m\n\u001b[2m      \u001b[2mat beginWork (\u001b[2mnode_modules/react-dom/cjs/react-dom.development.js\u001b[2m:18596:16)\u001b[2m\u001b[22m\n\u001b[2m      \u001b[2mat HTMLUnknownElement.callCallback (\u001b[2mnode_modules/react-dom/cjs/react-dom.development.js\u001b[2m:188:14)\u001b[2m\u001b[22m\n\u001b[2m      \u001b[2mat Object.invokeGuardedCallbackDev (\u001b[2mnode_modules/react-dom/cjs/react-dom.development.js\u001b[2m:237:16)\u001b[2m\u001b[22m\n\u001b[2m      \u001b[2mat invokeGuardedCallback (\u001b[2mnode_modules/react-dom/cjs/react-dom.development.js\u001b[2m:292:31)\u001b[2m\u001b[22m\n\u001b[2m      \u001b[2mat beginWork$1 (\u001b[2mnode_modules/react-dom/cjs/react-dom.development.js\u001b[2m:23203:7)\u001b[2m\u001b[22m\n\u001b[2m      \u001b[2mat performUnitOfWork (\u001b[2mnode_modules/react-dom/cjs/react-dom.development.js\u001b[2m:22157:12)\u001b[2m\u001b[22m\n\u001b[2m      \u001b[2mat workLoopSync (\u001b[2mnode_modules/react-dom/cjs/react-dom.development.js\u001b[2m:22130:22)\u001b[2m\u001b[22m\n\u001b[2m      \u001b[2mat performSyncWorkOnRoot (\u001b[2mnode_modules/react-dom/cjs/react-dom.development.js\u001b[2m:21756:9)\u001b[2m\u001b[22m\n\u001b[2m      \u001b[2mat scheduleUpdateOnFiber (\u001b[2mnode_modules/react-dom/cjs/react-dom.development.js\u001b[2m:21188:7)\u001b[2m\u001b[22m\n\u001b[2m      \u001b[2mat updateContainer (\u001b[2mnode_modules/react-dom/cjs/react-dom.development.js\u001b[2m:24373:3)\u001b[2m\u001b[22m\n\u001b[2m      \u001b[2mat \u001b[2mnode_modules/react-dom/cjs/react-dom.development.js\u001b[2m:24758:7\u001b[2m\u001b[22m\n\u001b[2m      \u001b[2mat unbatchedUpdates (\u001b[2mnode_modules/react-dom/cjs/react-dom.development.js\u001b[2m:21903:12)\u001b[2m\u001b[22m\n\u001b[2m      \u001b[2mat legacyRenderSubtreeIntoContainer (\u001b[2mnode_modules/react-dom/cjs/react-dom.development.js\u001b[2m:24757:5)\u001b[2m\u001b[22m\n\u001b[2m      \u001b[2mat Object.render (\u001b[2mnode_modules/react-dom/cjs/react-dom.development.js\u001b[2m:24840:10)\u001b[2m\u001b[22m\n\u001b[2m      \u001b[2mat Object.<anonymous> (\u001b[2m\u001b[0m\u001b[36msrc/models/Product.test.js\u001b[39m\u001b[0m\u001b[2m:20:12)\u001b[2m\u001b[22m\n","name":"C:\\Users\\omarb\\varastonhallinta\\client\\src\\models\\Product.test.js","startTime":1602156185895,"status":"failed","summary":""},{"assertionResults":[{"ancestorTitles":[],"failureMessages":["Error: ProductForm(...): Nothing was returned from render. This usually means a return statement is missing. Or, to render nothing, return null.\n    at reconcileChildFibers (C:\\Users\\omarb\\varastonhallinta\\client\\node_modules\\react-dom\\cjs\\react-dom.development.js:14348:23)\n    at reconcileChildren (C:\\Users\\omarb\\varastonhallinta\\client\\node_modules\\react-dom\\cjs\\react-dom.development.js:16762:28)\n    at finishClassComponent (C:\\Users\\omarb\\varastonhallinta\\client\\node_modules\\react-dom\\cjs\\react-dom.development.js:17180:5)\n    at updateClassComponent (C:\\Users\\omarb\\varastonhallinta\\client\\node_modules\\react-dom\\cjs\\react-dom.development.js:17110:24)\n    at beginWork (C:\\Users\\omarb\\varastonhallinta\\client\\node_modules\\react-dom\\cjs\\react-dom.development.js:18620:16)\n    at HTMLUnknownElement.callCallback (C:\\Users\\omarb\\varastonhallinta\\client\\node_modules\\react-dom\\cjs\\react-dom.development.js:188:14)\n    at innerInvokeEventListeners (C:\\Users\\omarb\\varastonhallinta\\client\\node_modules\\jest-environment-jsdom-fourteen\\node_modules\\jsdom\\lib\\jsdom\\living\\events\\EventTarget-impl.js:315:27)\n    at invokeEventListeners (C:\\Users\\omarb\\varastonhallinta\\client\\node_modules\\jest-environment-jsdom-fourteen\\node_modules\\jsdom\\lib\\jsdom\\living\\events\\EventTarget-impl.js:266:3)\n    at HTMLUnknownElementImpl._dispatch (C:\\Users\\omarb\\varastonhallinta\\client\\node_modules\\jest-environment-jsdom-fourteen\\node_modules\\jsdom\\lib\\jsdom\\living\\events\\EventTarget-impl.js:212:11)\n    at HTMLUnknownElementImpl.dispatchEvent (C:\\Users\\omarb\\varastonhallinta\\client\\node_modules\\jest-environment-jsdom-fourteen\\node_modules\\jsdom\\lib\\jsdom\\living\\events\\EventTarget-impl.js:87:17)\n    at HTMLUnknownElement.dispatchEvent (C:\\Users\\omarb\\varastonhallinta\\client\\node_modules\\jest-environment-jsdom-fourteen\\node_modules\\jsdom\\lib\\jsdom\\living\\generated\\EventTarget.js:144:23)\n    at Object.invokeGuardedCallbackDev (C:\\Users\\omarb\\varastonhallinta\\client\\node_modules\\react-dom\\cjs\\react-dom.development.js:237:16)\n    at invokeGuardedCallback (C:\\Users\\omarb\\varastonhallinta\\client\\node_modules\\react-dom\\cjs\\react-dom.development.js:292:31)\n    at beginWork$1 (C:\\Users\\omarb\\varastonhallinta\\client\\node_modules\\react-dom\\cjs\\react-dom.development.js:23203:7)\n    at performUnitOfWork (C:\\Users\\omarb\\varastonhallinta\\client\\node_modules\\react-dom\\cjs\\react-dom.development.js:22157:12)\n    at workLoopSync (C:\\Users\\omarb\\varastonhallinta\\client\\node_modules\\react-dom\\cjs\\react-dom.development.js:22130:22)\n    at performSyncWorkOnRoot (C:\\Users\\omarb\\varastonhallinta\\client\\node_modules\\react-dom\\cjs\\react-dom.development.js:21756:9)\n    at scheduleUpdateOnFiber (C:\\Users\\omarb\\varastonhallinta\\client\\node_modules\\react-dom\\cjs\\react-dom.development.js:21188:7)\n    at updateContainer (C:\\Users\\omarb\\varastonhallinta\\client\\node_modules\\react-dom\\cjs\\react-dom.development.js:24373:3)\n    at C:\\Users\\omarb\\varastonhallinta\\client\\node_modules\\react-dom\\cjs\\react-dom.development.js:24758:7\n    at unbatchedUpdates (C:\\Users\\omarb\\varastonhallinta\\client\\node_modules\\react-dom\\cjs\\react-dom.development.js:21903:12)\n    at legacyRenderSubtreeIntoContainer (C:\\Users\\omarb\\varastonhallinta\\client\\node_modules\\react-dom\\cjs\\react-dom.development.js:24757:5)\n    at Object.render (C:\\Users\\omarb\\varastonhallinta\\client\\node_modules\\react-dom\\cjs\\react-dom.development.js:24840:10)\n    at C:\\Users\\omarb\\varastonhallinta\\client\\node_modules\\@testing-library\\react\\dist\\pure.js:86:25\n    at batchedUpdates$1 (C:\\Users\\omarb\\varastonhallinta\\client\\node_modules\\react-dom\\cjs\\react-dom.development.js:21856:12)\n    at act (C:\\Users\\omarb\\varastonhallinta\\client\\node_modules\\react-dom\\cjs\\react-dom-test-utils.development.js:929:14)\n    at render (C:\\Users\\omarb\\varastonhallinta\\client\\node_modules\\@testing-library\\react\\dist\\pure.js:82:26)\n    at Object.<anonymous> (C:\\Users\\omarb\\varastonhallinta\\client\\src\\models\\ProductForm.test.js:13:22)\n    at Object.asyncJestTest (C:\\Users\\omarb\\varastonhallinta\\client\\node_modules\\jest-jasmine2\\build\\jasmineAsyncInstall.js:102:37)\n    at C:\\Users\\omarb\\varastonhallinta\\client\\node_modules\\jest-jasmine2\\build\\queueRunner.js:43:12\n    at new Promise (<anonymous>)\n    at mapper (C:\\Users\\omarb\\varastonhallinta\\client\\node_modules\\jest-jasmine2\\build\\queueRunner.js:26:19)\n    at C:\\Users\\omarb\\varastonhallinta\\client\\node_modules\\jest-jasmine2\\build\\queueRunner.js:73:41\n    at processTicksAndRejections (internal/process/task_queues.js:97:5)"],"fullName":"renders form","location":null,"status":"failed","title":"renders form"},{"ancestorTitles":[],"failureMessages":["Error: ProductForm(...): Nothing was returned from render. This usually means a return statement is missing. Or, to render nothing, return null.\n    at reconcileChildFibers (C:\\Users\\omarb\\varastonhallinta\\client\\node_modules\\react-dom\\cjs\\react-dom.development.js:14348:23)\n    at reconcileChildren (C:\\Users\\omarb\\varastonhallinta\\client\\node_modules\\react-dom\\cjs\\react-dom.development.js:16762:28)\n    at finishClassComponent (C:\\Users\\omarb\\varastonhallinta\\client\\node_modules\\react-dom\\cjs\\react-dom.development.js:17180:5)\n    at updateClassComponent (C:\\Users\\omarb\\varastonhallinta\\client\\node_modules\\react-dom\\cjs\\react-dom.development.js:17110:24)\n    at beginWork (C:\\Users\\omarb\\varastonhallinta\\client\\node_modules\\react-dom\\cjs\\react-dom.development.js:18620:16)\n    at HTMLUnknownElement.callCallback (C:\\Users\\omarb\\varastonhallinta\\client\\node_modules\\react-dom\\cjs\\react-dom.development.js:188:14)\n    at innerInvokeEventListeners (C:\\Users\\omarb\\varastonhallinta\\client\\node_modules\\jest-environment-jsdom-fourteen\\node_modules\\jsdom\\lib\\jsdom\\living\\events\\EventTarget-impl.js:315:27)\n    at invokeEventListeners (C:\\Users\\omarb\\varastonhallinta\\client\\node_modules\\jest-environment-jsdom-fourteen\\node_modules\\jsdom\\lib\\jsdom\\living\\events\\EventTarget-impl.js:266:3)\n    at HTMLUnknownElementImpl._dispatch (C:\\Users\\omarb\\varastonhallinta\\client\\node_modules\\jest-environment-jsdom-fourteen\\node_modules\\jsdom\\lib\\jsdom\\living\\events\\EventTarget-impl.js:212:11)\n    at HTMLUnknownElementImpl.dispatchEvent (C:\\Users\\omarb\\varastonhallinta\\client\\node_modules\\jest-environment-jsdom-fourteen\\node_modules\\jsdom\\lib\\jsdom\\living\\events\\EventTarget-impl.js:87:17)\n    at HTMLUnknownElement.dispatchEvent (C:\\Users\\omarb\\varastonhallinta\\client\\node_modules\\jest-environment-jsdom-fourteen\\node_modules\\jsdom\\lib\\jsdom\\living\\generated\\EventTarget.js:144:23)\n    at Object.invokeGuardedCallbackDev (C:\\Users\\omarb\\varastonhallinta\\client\\node_modules\\react-dom\\cjs\\react-dom.development.js:237:16)\n    at invokeGuardedCallback (C:\\Users\\omarb\\varastonhallinta\\client\\node_modules\\react-dom\\cjs\\react-dom.development.js:292:31)\n    at beginWork$1 (C:\\Users\\omarb\\varastonhallinta\\client\\node_modules\\react-dom\\cjs\\react-dom.development.js:23203:7)\n    at performUnitOfWork (C:\\Users\\omarb\\varastonhallinta\\client\\node_modules\\react-dom\\cjs\\react-dom.development.js:22157:12)\n    at workLoopSync (C:\\Users\\omarb\\varastonhallinta\\client\\node_modules\\react-dom\\cjs\\react-dom.development.js:22130:22)\n    at performSyncWorkOnRoot (C:\\Users\\omarb\\varastonhallinta\\client\\node_modules\\react-dom\\cjs\\react-dom.development.js:21756:9)\n    at scheduleUpdateOnFiber (C:\\Users\\omarb\\varastonhallinta\\client\\node_modules\\react-dom\\cjs\\react-dom.development.js:21188:7)\n    at updateContainer (C:\\Users\\omarb\\varastonhallinta\\client\\node_modules\\react-dom\\cjs\\react-dom.development.js:24373:3)\n    at C:\\Users\\omarb\\varastonhallinta\\client\\node_modules\\react-dom\\cjs\\react-dom.development.js:24758:7\n    at unbatchedUpdates (C:\\Users\\omarb\\varastonhallinta\\client\\node_modules\\react-dom\\cjs\\react-dom.development.js:21903:12)\n    at legacyRenderSubtreeIntoContainer (C:\\Users\\omarb\\varastonhallinta\\client\\node_modules\\react-dom\\cjs\\react-dom.development.js:24757:5)\n    at Object.render (C:\\Users\\omarb\\varastonhallinta\\client\\node_modules\\react-dom\\cjs\\react-dom.development.js:24840:10)\n    at C:\\Users\\omarb\\varastonhallinta\\client\\node_modules\\@testing-library\\react\\dist\\pure.js:86:25\n    at batchedUpdates$1 (C:\\Users\\omarb\\varastonhallinta\\client\\node_modules\\react-dom\\cjs\\react-dom.development.js:21856:12)\n    at act (C:\\Users\\omarb\\varastonhallinta\\client\\node_modules\\react-dom\\cjs\\react-dom-test-utils.development.js:929:14)\n    at render (C:\\Users\\omarb\\varastonhallinta\\client\\node_modules\\@testing-library\\react\\dist\\pure.js:82:26)\n    at Object.<anonymous> (C:\\Users\\omarb\\varastonhallinta\\client\\src\\models\\ProductForm.test.js:19:22)\n    at Object.asyncJestTest (C:\\Users\\omarb\\varastonhallinta\\client\\node_modules\\jest-jasmine2\\build\\jasmineAsyncInstall.js:102:37)\n    at C:\\Users\\omarb\\varastonhallinta\\client\\node_modules\\jest-jasmine2\\build\\queueRunner.js:43:12\n    at new Promise (<anonymous>)\n    at mapper (C:\\Users\\omarb\\varastonhallinta\\client\\node_modules\\jest-jasmine2\\build\\queueRunner.js:26:19)\n    at C:\\Users\\omarb\\varastonhallinta\\client\\node_modules\\jest-jasmine2\\build\\queueRunner.js:73:41"],"fullName":"renders form with existing","location":null,"status":"failed","title":"renders form with existing"},{"ancestorTitles":[],"failureMessages":["Error: ProductForm(...): Nothing was returned from render. This usually means a return statement is missing. Or, to render nothing, return null.\n    at reconcileChildFibers (C:\\Users\\omarb\\varastonhallinta\\client\\node_modules\\react-dom\\cjs\\react-dom.development.js:14348:23)\n    at reconcileChildren (C:\\Users\\omarb\\varastonhallinta\\client\\node_modules\\react-dom\\cjs\\react-dom.development.js:16762:28)\n    at finishClassComponent (C:\\Users\\omarb\\varastonhallinta\\client\\node_modules\\react-dom\\cjs\\react-dom.development.js:17180:5)\n    at updateClassComponent (C:\\Users\\omarb\\varastonhallinta\\client\\node_modules\\react-dom\\cjs\\react-dom.development.js:17110:24)\n    at beginWork (C:\\Users\\omarb\\varastonhallinta\\client\\node_modules\\react-dom\\cjs\\react-dom.development.js:18620:16)\n    at HTMLUnknownElement.callCallback (C:\\Users\\omarb\\varastonhallinta\\client\\node_modules\\react-dom\\cjs\\react-dom.development.js:188:14)\n    at innerInvokeEventListeners (C:\\Users\\omarb\\varastonhallinta\\client\\node_modules\\jest-environment-jsdom-fourteen\\node_modules\\jsdom\\lib\\jsdom\\living\\events\\EventTarget-impl.js:315:27)\n    at invokeEventListeners (C:\\Users\\omarb\\varastonhallinta\\client\\node_modules\\jest-environment-jsdom-fourteen\\node_modules\\jsdom\\lib\\jsdom\\living\\events\\EventTarget-impl.js:266:3)\n    at HTMLUnknownElementImpl._dispatch (C:\\Users\\omarb\\varastonhallinta\\client\\node_modules\\jest-environment-jsdom-fourteen\\node_modules\\jsdom\\lib\\jsdom\\living\\events\\EventTarget-impl.js:212:11)\n    at HTMLUnknownElementImpl.dispatchEvent (C:\\Users\\omarb\\varastonhallinta\\client\\node_modules\\jest-environment-jsdom-fourteen\\node_modules\\jsdom\\lib\\jsdom\\living\\events\\EventTarget-impl.js:87:17)\n    at HTMLUnknownElement.dispatchEvent (C:\\Users\\omarb\\varastonhallinta\\client\\node_modules\\jest-environment-jsdom-fourteen\\node_modules\\jsdom\\lib\\jsdom\\living\\generated\\EventTarget.js:144:23)\n    at Object.invokeGuardedCallbackDev (C:\\Users\\omarb\\varastonhallinta\\client\\node_modules\\react-dom\\cjs\\react-dom.development.js:237:16)\n    at invokeGuardedCallback (C:\\Users\\omarb\\varastonhallinta\\client\\node_modules\\react-dom\\cjs\\react-dom.development.js:292:31)\n    at beginWork$1 (C:\\Users\\omarb\\varastonhallinta\\client\\node_modules\\react-dom\\cjs\\react-dom.development.js:23203:7)\n    at performUnitOfWork (C:\\Users\\omarb\\varastonhallinta\\client\\node_modules\\react-dom\\cjs\\react-dom.development.js:22157:12)\n    at workLoopSync (C:\\Users\\omarb\\varastonhallinta\\client\\node_modules\\react-dom\\cjs\\react-dom.development.js:22130:22)\n    at performSyncWorkOnRoot (C:\\Users\\omarb\\varastonhallinta\\client\\node_modules\\react-dom\\cjs\\react-dom.development.js:21756:9)\n    at scheduleUpdateOnFiber (C:\\Users\\omarb\\varastonhallinta\\client\\node_modules\\react-dom\\cjs\\react-dom.development.js:21188:7)\n    at updateContainer (C:\\Users\\omarb\\varastonhallinta\\client\\node_modules\\react-dom\\cjs\\react-dom.development.js:24373:3)\n    at C:\\Users\\omarb\\varastonhallinta\\client\\node_modules\\react-dom\\cjs\\react-dom.development.js:24758:7\n    at unbatchedUpdates (C:\\Users\\omarb\\varastonhallinta\\client\\node_modules\\react-dom\\cjs\\react-dom.development.js:21903:12)\n    at legacyRenderSubtreeIntoContainer (C:\\Users\\omarb\\varastonhallinta\\client\\node_modules\\react-dom\\cjs\\react-dom.development.js:24757:5)\n    at Object.render (C:\\Users\\omarb\\varastonhallinta\\client\\node_modules\\react-dom\\cjs\\react-dom.development.js:24840:10)\n    at Object.<anonymous> (C:\\Users\\omarb\\varastonhallinta\\client\\src\\models\\ProductForm.test.js:34:12)\n    at Object.asyncJestTest (C:\\Users\\omarb\\varastonhallinta\\client\\node_modules\\jest-jasmine2\\build\\jasmineAsyncInstall.js:102:37)\n    at C:\\Users\\omarb\\varastonhallinta\\client\\node_modules\\jest-jasmine2\\build\\queueRunner.js:43:12\n    at new Promise (<anonymous>)\n    at mapper (C:\\Users\\omarb\\varastonhallinta\\client\\node_modules\\jest-jasmine2\\build\\queueRunner.js:26:19)\n    at C:\\Users\\omarb\\varastonhallinta\\client\\node_modules\\jest-jasmine2\\build\\queueRunner.js:73:41"],"fullName":"gets the form state from onSubmit function","location":null,"status":"failed","title":"gets the form state from onSubmit function"}],"endTime":1602156188928,"message":"\u001b[1m\u001b[31m  \u001b[1m● \u001b[1mrenders form\u001b[39m\u001b[22m\n\n    ProductForm(...): Nothing was returned from render. This usually means a return statement is missing. Or, to render nothing, return null.\n\u001b[2m\u001b[22m\n\u001b[2m    \u001b[0m \u001b[90m 11 | \u001b[39mtest(\u001b[32m'renders form'\u001b[39m\u001b[33m,\u001b[39m () \u001b[33m=>\u001b[39m {\u001b[0m\u001b[22m\n\u001b[2m    \u001b[0m \u001b[90m 12 | \u001b[39m\u001b[0m\u001b[22m\n\u001b[2m    \u001b[0m\u001b[31m\u001b[1m>\u001b[2m\u001b[39m\u001b[90m 13 | \u001b[39m  \u001b[36mconst\u001b[39m compontent \u001b[33m=\u001b[39m render(\u001b[33m<\u001b[39m\u001b[33mProductForm\u001b[39m\u001b[33m/\u001b[39m\u001b[33m>\u001b[39m)\u001b[0m\u001b[22m\n\u001b[2m    \u001b[0m \u001b[90m    | \u001b[39m                     \u001b[31m\u001b[1m^\u001b[2m\u001b[39m\u001b[0m\u001b[22m\n\u001b[2m    \u001b[0m \u001b[90m 14 | \u001b[39m  \u001b[36mconst\u001b[39m element \u001b[33m=\u001b[39m compontent\u001b[33m.\u001b[39mgetByText(\u001b[32m\"Nimi\"\u001b[39m)\u001b[33m;\u001b[39m\u001b[0m\u001b[22m\n\u001b[2m    \u001b[0m \u001b[90m 15 | \u001b[39m\u001b[0m\u001b[22m\n\u001b[2m    \u001b[0m \u001b[90m 16 | \u001b[39m})\u001b[33m;\u001b[39m\u001b[0m\u001b[22m\n\u001b[2m\u001b[22m\n\u001b[2m      \u001b[2mat reconcileChildFibers (\u001b[2mnode_modules/react-dom/cjs/react-dom.development.js\u001b[2m:14348:23)\u001b[2m\u001b[22m\n\u001b[2m      \u001b[2mat reconcileChildren (\u001b[2mnode_modules/react-dom/cjs/react-dom.development.js\u001b[2m:16762:28)\u001b[2m\u001b[22m\n\u001b[2m      \u001b[2mat finishClassComponent (\u001b[2mnode_modules/react-dom/cjs/react-dom.development.js\u001b[2m:17180:5)\u001b[2m\u001b[22m\n\u001b[2m      \u001b[2mat updateClassComponent (\u001b[2mnode_modules/react-dom/cjs/react-dom.development.js\u001b[2m:17110:24)\u001b[2m\u001b[22m\n\u001b[2m      \u001b[2mat beginWork (\u001b[2mnode_modules/react-dom/cjs/react-dom.development.js\u001b[2m:18620:16)\u001b[2m\u001b[22m\n\u001b[2m      \u001b[2mat HTMLUnknownElement.callCallback (\u001b[2mnode_modules/react-dom/cjs/react-dom.development.js\u001b[2m:188:14)\u001b[2m\u001b[22m\n\u001b[2m      \u001b[2mat Object.invokeGuardedCallbackDev (\u001b[2mnode_modules/react-dom/cjs/react-dom.development.js\u001b[2m:237:16)\u001b[2m\u001b[22m\n\u001b[2m      \u001b[2mat invokeGuardedCallback (\u001b[2mnode_modules/react-dom/cjs/react-dom.development.js\u001b[2m:292:31)\u001b[2m\u001b[22m\n\u001b[2m      \u001b[2mat beginWork$1 (\u001b[2mnode_modules/react-dom/cjs/react-dom.development.js\u001b[2m:23203:7)\u001b[2m\u001b[22m\n\u001b[2m      \u001b[2mat performUnitOfWork (\u001b[2mnode_modules/react-dom/cjs/react-dom.development.js\u001b[2m:22157:12)\u001b[2m\u001b[22m\n\u001b[2m      \u001b[2mat workLoopSync (\u001b[2mnode_modules/react-dom/cjs/react-dom.development.js\u001b[2m:22130:22)\u001b[2m\u001b[22m\n\u001b[2m      \u001b[2mat performSyncWorkOnRoot (\u001b[2mnode_modules/react-dom/cjs/react-dom.development.js\u001b[2m:21756:9)\u001b[2m\u001b[22m\n\u001b[2m      \u001b[2mat scheduleUpdateOnFiber (\u001b[2mnode_modules/react-dom/cjs/react-dom.development.js\u001b[2m:21188:7)\u001b[2m\u001b[22m\n\u001b[2m      \u001b[2mat updateContainer (\u001b[2mnode_modules/react-dom/cjs/react-dom.development.js\u001b[2m:24373:3)\u001b[2m\u001b[22m\n\u001b[2m      \u001b[2mat \u001b[2mnode_modules/react-dom/cjs/react-dom.development.js\u001b[2m:24758:7\u001b[2m\u001b[22m\n\u001b[2m      \u001b[2mat unbatchedUpdates (\u001b[2mnode_modules/react-dom/cjs/react-dom.development.js\u001b[2m:21903:12)\u001b[2m\u001b[22m\n\u001b[2m      \u001b[2mat legacyRenderSubtreeIntoContainer (\u001b[2mnode_modules/react-dom/cjs/react-dom.development.js\u001b[2m:24757:5)\u001b[2m\u001b[22m\n\u001b[2m      \u001b[2mat Object.render (\u001b[2mnode_modules/react-dom/cjs/react-dom.development.js\u001b[2m:24840:10)\u001b[2m\u001b[22m\n\u001b[2m      \u001b[2mat \u001b[2mnode_modules/@testing-library/react/dist/pure.js\u001b[2m:86:25\u001b[2m\u001b[22m\n\u001b[2m      \u001b[2mat batchedUpdates$1 (\u001b[2mnode_modules/react-dom/cjs/react-dom.development.js\u001b[2m:21856:12)\u001b[2m\u001b[22m\n\u001b[2m      \u001b[2mat act (\u001b[2mnode_modules/react-dom/cjs/react-dom-test-utils.development.js\u001b[2m:929:14)\u001b[2m\u001b[22m\n\u001b[2m      \u001b[2mat render (\u001b[2mnode_modules/@testing-library/react/dist/pure.js\u001b[2m:82:26)\u001b[2m\u001b[22m\n\u001b[2m      \u001b[2mat Object.<anonymous> (\u001b[2m\u001b[0m\u001b[36msrc/models/ProductForm.test.js\u001b[39m\u001b[0m\u001b[2m:13:22)\u001b[2m\u001b[22m\n\n\u001b[1m\u001b[31m  \u001b[1m● \u001b[1mrenders form with existing\u001b[39m\u001b[22m\n\n    ProductForm(...): Nothing was returned from render. This usually means a return statement is missing. Or, to render nothing, return null.\n\u001b[2m\u001b[22m\n\u001b[2m    \u001b[0m \u001b[90m 17 | \u001b[39mtest(\u001b[32m'renders form with existing'\u001b[39m\u001b[33m,\u001b[39m () \u001b[33m=>\u001b[39m {\u001b[0m\u001b[22m\n\u001b[2m    \u001b[0m \u001b[90m 18 | \u001b[39m\u001b[0m\u001b[22m\n\u001b[2m    \u001b[0m\u001b[31m\u001b[1m>\u001b[2m\u001b[39m\u001b[90m 19 | \u001b[39m  \u001b[36mconst\u001b[39m compontent \u001b[33m=\u001b[39m render(\u001b[33m<\u001b[39m\u001b[33mProductForm\u001b[39m product\u001b[33m=\u001b[39m{product} type\u001b[33m=\u001b[39m\u001b[32m\"edit\"\u001b[39m \u001b[33m/\u001b[39m\u001b[33m>\u001b[39m)\u001b[0m\u001b[22m\n\u001b[2m    \u001b[0m \u001b[90m    | \u001b[39m                     \u001b[31m\u001b[1m^\u001b[2m\u001b[39m\u001b[0m\u001b[22m\n\u001b[2m    \u001b[0m \u001b[90m 20 | \u001b[39m  \u001b[36mconst\u001b[39m input \u001b[33m=\u001b[39m compontent\u001b[33m.\u001b[39mgetByLabelText(\u001b[32m'Nimi'\u001b[39m)\u001b[0m\u001b[22m\n\u001b[2m    \u001b[0m \u001b[90m 21 | \u001b[39m  \u001b[36mconst\u001b[39m sku \u001b[33m=\u001b[39m compontent\u001b[33m.\u001b[39mgetByLabelText(\u001b[32m'Tuotekoodi'\u001b[39m)\u001b[0m\u001b[22m\n\u001b[2m    \u001b[0m \u001b[90m 22 | \u001b[39m\u001b[36mconst\u001b[39m amount \u001b[33m=\u001b[39m compontent\u001b[33m.\u001b[39mgetByLabelText(\u001b[32m'Määrä'\u001b[39m)\u001b[0m\u001b[22m\n\u001b[2m\u001b[22m\n\u001b[2m      \u001b[2mat reconcileChildFibers (\u001b[2mnode_modules/react-dom/cjs/react-dom.development.js\u001b[2m:14348:23)\u001b[2m\u001b[22m\n\u001b[2m      \u001b[2mat reconcileChildren (\u001b[2mnode_modules/react-dom/cjs/react-dom.development.js\u001b[2m:16762:28)\u001b[2m\u001b[22m\n\u001b[2m      \u001b[2mat finishClassComponent (\u001b[2mnode_modules/react-dom/cjs/react-dom.development.js\u001b[2m:17180:5)\u001b[2m\u001b[22m\n\u001b[2m      \u001b[2mat updateClassComponent (\u001b[2mnode_modules/react-dom/cjs/react-dom.development.js\u001b[2m:17110:24)\u001b[2m\u001b[22m\n\u001b[2m      \u001b[2mat beginWork (\u001b[2mnode_modules/react-dom/cjs/react-dom.development.js\u001b[2m:18620:16)\u001b[2m\u001b[22m\n\u001b[2m      \u001b[2mat HTMLUnknownElement.callCallback (\u001b[2mnode_modules/react-dom/cjs/react-dom.development.js\u001b[2m:188:14)\u001b[2m\u001b[22m\n\u001b[2m      \u001b[2mat Object.invokeGuardedCallbackDev (\u001b[2mnode_modules/react-dom/cjs/react-dom.development.js\u001b[2m:237:16)\u001b[2m\u001b[22m\n\u001b[2m      \u001b[2mat invokeGuardedCallback (\u001b[2mnode_modules/react-dom/cjs/react-dom.development.js\u001b[2m:292:31)\u001b[2m\u001b[22m\n\u001b[2m      \u001b[2mat beginWork$1 (\u001b[2mnode_modules/react-dom/cjs/react-dom.development.js\u001b[2m:23203:7)\u001b[2m\u001b[22m\n\u001b[2m      \u001b[2mat performUnitOfWork (\u001b[2mnode_modules/react-dom/cjs/react-dom.development.js\u001b[2m:22157:12)\u001b[2m\u001b[22m\n\u001b[2m      \u001b[2mat workLoopSync (\u001b[2mnode_modules/react-dom/cjs/react-dom.development.js\u001b[2m:22130:22)\u001b[2m\u001b[22m\n\u001b[2m      \u001b[2mat performSyncWorkOnRoot (\u001b[2mnode_modules/react-dom/cjs/react-dom.development.js\u001b[2m:21756:9)\u001b[2m\u001b[22m\n\u001b[2m      \u001b[2mat scheduleUpdateOnFiber (\u001b[2mnode_modules/react-dom/cjs/react-dom.development.js\u001b[2m:21188:7)\u001b[2m\u001b[22m\n\u001b[2m      \u001b[2mat updateContainer (\u001b[2mnode_modules/react-dom/cjs/react-dom.development.js\u001b[2m:24373:3)\u001b[2m\u001b[22m\n\u001b[2m      \u001b[2mat \u001b[2mnode_modules/react-dom/cjs/react-dom.development.js\u001b[2m:24758:7\u001b[2m\u001b[22m\n\u001b[2m      \u001b[2mat unbatchedUpdates (\u001b[2mnode_modules/react-dom/cjs/react-dom.development.js\u001b[2m:21903:12)\u001b[2m\u001b[22m\n\u001b[2m      \u001b[2mat legacyRenderSubtreeIntoContainer (\u001b[2mnode_modules/react-dom/cjs/react-dom.development.js\u001b[2m:24757:5)\u001b[2m\u001b[22m\n\u001b[2m      \u001b[2mat Object.render (\u001b[2mnode_modules/react-dom/cjs/react-dom.development.js\u001b[2m:24840:10)\u001b[2m\u001b[22m\n\u001b[2m      \u001b[2mat \u001b[2mnode_modules/@testing-library/react/dist/pure.js\u001b[2m:86:25\u001b[2m\u001b[22m\n\u001b[2m      \u001b[2mat batchedUpdates$1 (\u001b[2mnode_modules/react-dom/cjs/react-dom.development.js\u001b[2m:21856:12)\u001b[2m\u001b[22m\n\u001b[2m      \u001b[2mat act (\u001b[2mnode_modules/react-dom/cjs/react-dom-test-utils.development.js\u001b[2m:929:14)\u001b[2m\u001b[22m\n\u001b[2m      \u001b[2mat render (\u001b[2mnode_modules/@testing-library/react/dist/pure.js\u001b[2m:82:26)\u001b[2m\u001b[22m\n\u001b[2m      \u001b[2mat Object.<anonymous> (\u001b[2m\u001b[0m\u001b[36msrc/models/ProductForm.test.js\u001b[39m\u001b[0m\u001b[2m:19:22)\u001b[2m\u001b[22m\n\n\u001b[1m\u001b[31m  \u001b[1m● \u001b[1mgets the form state from onSubmit function\u001b[39m\u001b[22m\n\n    ProductForm(...): Nothing was returned from render. This usually means a return statement is missing. Or, to render nothing, return null.\n\u001b[2m\u001b[22m\n\u001b[2m    \u001b[0m \u001b[90m 32 | \u001b[39m  \u001b[90m// just return the data\u001b[39m\u001b[0m\u001b[22m\n\u001b[2m    \u001b[0m \u001b[90m 33 | \u001b[39m  \u001b[36mconst\u001b[39m onSubmitFn \u001b[33m=\u001b[39m jest\u001b[33m.\u001b[39mfn(data \u001b[33m=>\u001b[39m data)\u001b[33m;\u001b[39m\u001b[0m\u001b[22m\n\u001b[2m    \u001b[0m\u001b[31m\u001b[1m>\u001b[2m\u001b[39m\u001b[90m 34 | \u001b[39m  \u001b[33mReactDOM\u001b[39m\u001b[33m.\u001b[39mrender(\u001b[0m\u001b[22m\n\u001b[2m    \u001b[0m \u001b[90m    | \u001b[39m           \u001b[31m\u001b[1m^\u001b[2m\u001b[39m\u001b[0m\u001b[22m\n\u001b[2m    \u001b[0m \u001b[90m 35 | \u001b[39m    \u001b[33m<\u001b[39m\u001b[33mProductForm\u001b[39m handlesubmit\u001b[33m=\u001b[39m{onSubmitFn}\u001b[33m/\u001b[39m\u001b[33m>\u001b[39m\u001b[33m,\u001b[39m\u001b[0m\u001b[22m\n\u001b[2m    \u001b[0m \u001b[90m 36 | \u001b[39m    wrapper\u001b[0m\u001b[22m\n\u001b[2m    \u001b[0m \u001b[90m 37 | \u001b[39m  )\u001b[33m;\u001b[39m\u001b[0m\u001b[22m\n\u001b[2m\u001b[22m\n\u001b[2m      \u001b[2mat reconcileChildFibers (\u001b[2mnode_modules/react-dom/cjs/react-dom.development.js\u001b[2m:14348:23)\u001b[2m\u001b[22m\n\u001b[2m      \u001b[2mat reconcileChildren (\u001b[2mnode_modules/react-dom/cjs/react-dom.development.js\u001b[2m:16762:28)\u001b[2m\u001b[22m\n\u001b[2m      \u001b[2mat finishClassComponent (\u001b[2mnode_modules/react-dom/cjs/react-dom.development.js\u001b[2m:17180:5)\u001b[2m\u001b[22m\n\u001b[2m      \u001b[2mat updateClassComponent (\u001b[2mnode_modules/react-dom/cjs/react-dom.development.js\u001b[2m:17110:24)\u001b[2m\u001b[22m\n\u001b[2m      \u001b[2mat beginWork (\u001b[2mnode_modules/react-dom/cjs/react-dom.development.js\u001b[2m:18620:16)\u001b[2m\u001b[22m\n\u001b[2m      \u001b[2mat HTMLUnknownElement.callCallback (\u001b[2mnode_modules/react-dom/cjs/react-dom.development.js\u001b[2m:188:14)\u001b[2m\u001b[22m\n\u001b[2m      \u001b[2mat Object.invokeGuardedCallbackDev (\u001b[2mnode_modules/react-dom/cjs/react-dom.development.js\u001b[2m:237:16)\u001b[2m\u001b[22m\n\u001b[2m      \u001b[2mat invokeGuardedCallback (\u001b[2mnode_modules/react-dom/cjs/react-dom.development.js\u001b[2m:292:31)\u001b[2m\u001b[22m\n\u001b[2m      \u001b[2mat beginWork$1 (\u001b[2mnode_modules/react-dom/cjs/react-dom.development.js\u001b[2m:23203:7)\u001b[2m\u001b[22m\n\u001b[2m      \u001b[2mat performUnitOfWork (\u001b[2mnode_modules/react-dom/cjs/react-dom.development.js\u001b[2m:22157:12)\u001b[2m\u001b[22m\n\u001b[2m      \u001b[2mat workLoopSync (\u001b[2mnode_modules/react-dom/cjs/react-dom.development.js\u001b[2m:22130:22)\u001b[2m\u001b[22m\n\u001b[2m      \u001b[2mat performSyncWorkOnRoot (\u001b[2mnode_modules/react-dom/cjs/react-dom.development.js\u001b[2m:21756:9)\u001b[2m\u001b[22m\n\u001b[2m      \u001b[2mat scheduleUpdateOnFiber (\u001b[2mnode_modules/react-dom/cjs/react-dom.development.js\u001b[2m:21188:7)\u001b[2m\u001b[22m\n\u001b[2m      \u001b[2mat updateContainer (\u001b[2mnode_modules/react-dom/cjs/react-dom.development.js\u001b[2m:24373:3)\u001b[2m\u001b[22m\n\u001b[2m      \u001b[2mat \u001b[2mnode_modules/react-dom/cjs/react-dom.development.js\u001b[2m:24758:7\u001b[2m\u001b[22m\n\u001b[2m      \u001b[2mat unbatchedUpdates (\u001b[2mnode_modules/react-dom/cjs/react-dom.development.js\u001b[2m:21903:12)\u001b[2m\u001b[22m\n\u001b[2m      \u001b[2mat legacyRenderSubtreeIntoContainer (\u001b[2mnode_modules/react-dom/cjs/react-dom.development.js\u001b[2m:24757:5)\u001b[2m\u001b[22m\n\u001b[2m      \u001b[2mat Object.render (\u001b[2mnode_modules/react-dom/cjs/react-dom.development.js\u001b[2m:24840:10)\u001b[2m\u001b[22m\n\u001b[2m      \u001b[2mat Object.<anonymous> (\u001b[2m\u001b[0m\u001b[36msrc/models/ProductForm.test.js\u001b[39m\u001b[0m\u001b[2m:34:12)\u001b[2m\u001b[22m\n","name":"C:\\Users\\omarb\\varastonhallinta\\client\\src\\models\\ProductForm.test.js","startTime":1602156185922,"status":"failed","summary":""},{"assertionResults":[{"ancestorTitles":[],"failureMessages":["Error: ProductList(...): Nothing was returned from render. This usually means a return statement is missing. Or, to render nothing, return null.\n    at reconcileChildFibers (C:\\Users\\omarb\\varastonhallinta\\client\\node_modules\\react-dom\\cjs\\react-dom.development.js:14348:23)\n    at reconcileChildren (C:\\Users\\omarb\\varastonhallinta\\client\\node_modules\\react-dom\\cjs\\react-dom.development.js:16762:28)\n    at mountIndeterminateComponent (C:\\Users\\omarb\\varastonhallinta\\client\\node_modules\\react-dom\\cjs\\react-dom.development.js:17542:5)\n    at beginWork (C:\\Users\\omarb\\varastonhallinta\\client\\node_modules\\react-dom\\cjs\\react-dom.development.js:18596:16)\n    at HTMLUnknownElement.callCallback (C:\\Users\\omarb\\varastonhallinta\\client\\node_modules\\react-dom\\cjs\\react-dom.development.js:188:14)\n    at innerInvokeEventListeners (C:\\Users\\omarb\\varastonhallinta\\client\\node_modules\\jest-environment-jsdom-fourteen\\node_modules\\jsdom\\lib\\jsdom\\living\\events\\EventTarget-impl.js:315:27)\n    at invokeEventListeners (C:\\Users\\omarb\\varastonhallinta\\client\\node_modules\\jest-environment-jsdom-fourteen\\node_modules\\jsdom\\lib\\jsdom\\living\\events\\EventTarget-impl.js:266:3)\n    at HTMLUnknownElementImpl._dispatch (C:\\Users\\omarb\\varastonhallinta\\client\\node_modules\\jest-environment-jsdom-fourteen\\node_modules\\jsdom\\lib\\jsdom\\living\\events\\EventTarget-impl.js:212:11)\n    at HTMLUnknownElementImpl.dispatchEvent (C:\\Users\\omarb\\varastonhallinta\\client\\node_modules\\jest-environment-jsdom-fourteen\\node_modules\\jsdom\\lib\\jsdom\\living\\events\\EventTarget-impl.js:87:17)\n    at HTMLUnknownElement.dispatchEvent (C:\\Users\\omarb\\varastonhallinta\\client\\node_modules\\jest-environment-jsdom-fourteen\\node_modules\\jsdom\\lib\\jsdom\\living\\generated\\EventTarget.js:144:23)\n    at Object.invokeGuardedCallbackDev (C:\\Users\\omarb\\varastonhallinta\\client\\node_modules\\react-dom\\cjs\\react-dom.development.js:237:16)\n    at invokeGuardedCallback (C:\\Users\\omarb\\varastonhallinta\\client\\node_modules\\react-dom\\cjs\\react-dom.development.js:292:31)\n    at beginWork$1 (C:\\Users\\omarb\\varastonhallinta\\client\\node_modules\\react-dom\\cjs\\react-dom.development.js:23203:7)\n    at performUnitOfWork (C:\\Users\\omarb\\varastonhallinta\\client\\node_modules\\react-dom\\cjs\\react-dom.development.js:22157:12)\n    at workLoopSync (C:\\Users\\omarb\\varastonhallinta\\client\\node_modules\\react-dom\\cjs\\react-dom.development.js:22130:22)\n    at performSyncWorkOnRoot (C:\\Users\\omarb\\varastonhallinta\\client\\node_modules\\react-dom\\cjs\\react-dom.development.js:21756:9)\n    at scheduleUpdateOnFiber (C:\\Users\\omarb\\varastonhallinta\\client\\node_modules\\react-dom\\cjs\\react-dom.development.js:21188:7)\n    at updateContainer (C:\\Users\\omarb\\varastonhallinta\\client\\node_modules\\react-dom\\cjs\\react-dom.development.js:24373:3)\n    at C:\\Users\\omarb\\varastonhallinta\\client\\node_modules\\react-dom\\cjs\\react-dom.development.js:24758:7\n    at unbatchedUpdates (C:\\Users\\omarb\\varastonhallinta\\client\\node_modules\\react-dom\\cjs\\react-dom.development.js:21903:12)\n    at legacyRenderSubtreeIntoContainer (C:\\Users\\omarb\\varastonhallinta\\client\\node_modules\\react-dom\\cjs\\react-dom.development.js:24757:5)\n    at Object.render (C:\\Users\\omarb\\varastonhallinta\\client\\node_modules\\react-dom\\cjs\\react-dom.development.js:24840:10)\n    at C:\\Users\\omarb\\varastonhallinta\\client\\node_modules\\@testing-library\\react\\dist\\pure.js:86:25\n    at batchedUpdates$1 (C:\\Users\\omarb\\varastonhallinta\\client\\node_modules\\react-dom\\cjs\\react-dom.development.js:21856:12)\n    at act (C:\\Users\\omarb\\varastonhallinta\\client\\node_modules\\react-dom\\cjs\\react-dom-test-utils.development.js:929:14)\n    at render (C:\\Users\\omarb\\varastonhallinta\\client\\node_modules\\@testing-library\\react\\dist\\pure.js:82:26)\n    at Object.<anonymous> (C:\\Users\\omarb\\varastonhallinta\\client\\src\\models\\ProductList.test.js:23:21)\n    at Object.asyncJestTest (C:\\Users\\omarb\\varastonhallinta\\client\\node_modules\\jest-jasmine2\\build\\jasmineAsyncInstall.js:102:37)\n    at C:\\Users\\omarb\\varastonhallinta\\client\\node_modules\\jest-jasmine2\\build\\queueRunner.js:43:12\n    at new Promise (<anonymous>)\n    at mapper (C:\\Users\\omarb\\varastonhallinta\\client\\node_modules\\jest-jasmine2\\build\\queueRunner.js:26:19)\n    at C:\\Users\\omarb\\varastonhallinta\\client\\node_modules\\jest-jasmine2\\build\\queueRunner.js:73:41\n    at processTicksAndRejections (internal/process/task_queues.js:97:5)"],"fullName":"renders array of products","location":null,"status":"failed","title":"renders array of products"},{"ancestorTitles":[],"failureMessages":["Error: ProductList(...): Nothing was returned from render. This usually means a return statement is missing. Or, to render nothing, return null.\n    at reconcileChildFibers (C:\\Users\\omarb\\varastonhallinta\\client\\node_modules\\react-dom\\cjs\\react-dom.development.js:14348:23)\n    at reconcileChildren (C:\\Users\\omarb\\varastonhallinta\\client\\node_modules\\react-dom\\cjs\\react-dom.development.js:16762:28)\n    at mountIndeterminateComponent (C:\\Users\\omarb\\varastonhallinta\\client\\node_modules\\react-dom\\cjs\\react-dom.development.js:17542:5)\n    at beginWork (C:\\Users\\omarb\\varastonhallinta\\client\\node_modules\\react-dom\\cjs\\react-dom.development.js:18596:16)\n    at HTMLUnknownElement.callCallback (C:\\Users\\omarb\\varastonhallinta\\client\\node_modules\\react-dom\\cjs\\react-dom.development.js:188:14)\n    at innerInvokeEventListeners (C:\\Users\\omarb\\varastonhallinta\\client\\node_modules\\jest-environment-jsdom-fourteen\\node_modules\\jsdom\\lib\\jsdom\\living\\events\\EventTarget-impl.js:315:27)\n    at invokeEventListeners (C:\\Users\\omarb\\varastonhallinta\\client\\node_modules\\jest-environment-jsdom-fourteen\\node_modules\\jsdom\\lib\\jsdom\\living\\events\\EventTarget-impl.js:266:3)\n    at HTMLUnknownElementImpl._dispatch (C:\\Users\\omarb\\varastonhallinta\\client\\node_modules\\jest-environment-jsdom-fourteen\\node_modules\\jsdom\\lib\\jsdom\\living\\events\\EventTarget-impl.js:212:11)\n    at HTMLUnknownElementImpl.dispatchEvent (C:\\Users\\omarb\\varastonhallinta\\client\\node_modules\\jest-environment-jsdom-fourteen\\node_modules\\jsdom\\lib\\jsdom\\living\\events\\EventTarget-impl.js:87:17)\n    at HTMLUnknownElement.dispatchEvent (C:\\Users\\omarb\\varastonhallinta\\client\\node_modules\\jest-environment-jsdom-fourteen\\node_modules\\jsdom\\lib\\jsdom\\living\\generated\\EventTarget.js:144:23)\n    at Object.invokeGuardedCallbackDev (C:\\Users\\omarb\\varastonhallinta\\client\\node_modules\\react-dom\\cjs\\react-dom.development.js:237:16)\n    at invokeGuardedCallback (C:\\Users\\omarb\\varastonhallinta\\client\\node_modules\\react-dom\\cjs\\react-dom.development.js:292:31)\n    at beginWork$1 (C:\\Users\\omarb\\varastonhallinta\\client\\node_modules\\react-dom\\cjs\\react-dom.development.js:23203:7)\n    at performUnitOfWork (C:\\Users\\omarb\\varastonhallinta\\client\\node_modules\\react-dom\\cjs\\react-dom.development.js:22157:12)\n    at workLoopSync (C:\\Users\\omarb\\varastonhallinta\\client\\node_modules\\react-dom\\cjs\\react-dom.development.js:22130:22)\n    at performSyncWorkOnRoot (C:\\Users\\omarb\\varastonhallinta\\client\\node_modules\\react-dom\\cjs\\react-dom.development.js:21756:9)\n    at scheduleUpdateOnFiber (C:\\Users\\omarb\\varastonhallinta\\client\\node_modules\\react-dom\\cjs\\react-dom.development.js:21188:7)\n    at updateContainer (C:\\Users\\omarb\\varastonhallinta\\client\\node_modules\\react-dom\\cjs\\react-dom.development.js:24373:3)\n    at C:\\Users\\omarb\\varastonhallinta\\client\\node_modules\\react-dom\\cjs\\react-dom.development.js:24758:7\n    at unbatchedUpdates (C:\\Users\\omarb\\varastonhallinta\\client\\node_modules\\react-dom\\cjs\\react-dom.development.js:21903:12)\n    at legacyRenderSubtreeIntoContainer (C:\\Users\\omarb\\varastonhallinta\\client\\node_modules\\react-dom\\cjs\\react-dom.development.js:24757:5)\n    at Object.render (C:\\Users\\omarb\\varastonhallinta\\client\\node_modules\\react-dom\\cjs\\react-dom.development.js:24840:10)\n    at C:\\Users\\omarb\\varastonhallinta\\client\\node_modules\\@testing-library\\react\\dist\\pure.js:86:25\n    at batchedUpdates$1 (C:\\Users\\omarb\\varastonhallinta\\client\\node_modules\\react-dom\\cjs\\react-dom.development.js:21856:12)\n    at act (C:\\Users\\omarb\\varastonhallinta\\client\\node_modules\\react-dom\\cjs\\react-dom-test-utils.development.js:929:14)\n    at render (C:\\Users\\omarb\\varastonhallinta\\client\\node_modules\\@testing-library\\react\\dist\\pure.js:82:26)\n    at Object.<anonymous> (C:\\Users\\omarb\\varastonhallinta\\client\\src\\models\\ProductList.test.js:28:21)\n    at Object.asyncJestTest (C:\\Users\\omarb\\varastonhallinta\\client\\node_modules\\jest-jasmine2\\build\\jasmineAsyncInstall.js:102:37)\n    at C:\\Users\\omarb\\varastonhallinta\\client\\node_modules\\jest-jasmine2\\build\\queueRunner.js:43:12\n    at new Promise (<anonymous>)\n    at mapper (C:\\Users\\omarb\\varastonhallinta\\client\\node_modules\\jest-jasmine2\\build\\queueRunner.js:26:19)\n    at C:\\Users\\omarb\\varastonhallinta\\client\\node_modules\\jest-jasmine2\\build\\queueRunner.js:73:41"],"fullName":"renders product","location":null,"status":"failed","title":"renders product"},{"ancestorTitles":[],"failureMessages":["Error: ProductList(...): Nothing was returned from render. This usually means a return statement is missing. Or, to render nothing, return null.\n    at reconcileChildFibers (C:\\Users\\omarb\\varastonhallinta\\client\\node_modules\\react-dom\\cjs\\react-dom.development.js:14348:23)\n    at reconcileChildren (C:\\Users\\omarb\\varastonhallinta\\client\\node_modules\\react-dom\\cjs\\react-dom.development.js:16762:28)\n    at mountIndeterminateComponent (C:\\Users\\omarb\\varastonhallinta\\client\\node_modules\\react-dom\\cjs\\react-dom.development.js:17542:5)\n    at beginWork (C:\\Users\\omarb\\varastonhallinta\\client\\node_modules\\react-dom\\cjs\\react-dom.development.js:18596:16)\n    at HTMLUnknownElement.callCallback (C:\\Users\\omarb\\varastonhallinta\\client\\node_modules\\react-dom\\cjs\\react-dom.development.js:188:14)\n    at innerInvokeEventListeners (C:\\Users\\omarb\\varastonhallinta\\client\\node_modules\\jest-environment-jsdom-fourteen\\node_modules\\jsdom\\lib\\jsdom\\living\\events\\EventTarget-impl.js:315:27)\n    at invokeEventListeners (C:\\Users\\omarb\\varastonhallinta\\client\\node_modules\\jest-environment-jsdom-fourteen\\node_modules\\jsdom\\lib\\jsdom\\living\\events\\EventTarget-impl.js:266:3)\n    at HTMLUnknownElementImpl._dispatch (C:\\Users\\omarb\\varastonhallinta\\client\\node_modules\\jest-environment-jsdom-fourteen\\node_modules\\jsdom\\lib\\jsdom\\living\\events\\EventTarget-impl.js:212:11)\n    at HTMLUnknownElementImpl.dispatchEvent (C:\\Users\\omarb\\varastonhallinta\\client\\node_modules\\jest-environment-jsdom-fourteen\\node_modules\\jsdom\\lib\\jsdom\\living\\events\\EventTarget-impl.js:87:17)\n    at HTMLUnknownElement.dispatchEvent (C:\\Users\\omarb\\varastonhallinta\\client\\node_modules\\jest-environment-jsdom-fourteen\\node_modules\\jsdom\\lib\\jsdom\\living\\generated\\EventTarget.js:144:23)\n    at Object.invokeGuardedCallbackDev (C:\\Users\\omarb\\varastonhallinta\\client\\node_modules\\react-dom\\cjs\\react-dom.development.js:237:16)\n    at invokeGuardedCallback (C:\\Users\\omarb\\varastonhallinta\\client\\node_modules\\react-dom\\cjs\\react-dom.development.js:292:31)\n    at beginWork$1 (C:\\Users\\omarb\\varastonhallinta\\client\\node_modules\\react-dom\\cjs\\react-dom.development.js:23203:7)\n    at performUnitOfWork (C:\\Users\\omarb\\varastonhallinta\\client\\node_modules\\react-dom\\cjs\\react-dom.development.js:22157:12)\n    at workLoopSync (C:\\Users\\omarb\\varastonhallinta\\client\\node_modules\\react-dom\\cjs\\react-dom.development.js:22130:22)\n    at performSyncWorkOnRoot (C:\\Users\\omarb\\varastonhallinta\\client\\node_modules\\react-dom\\cjs\\react-dom.development.js:21756:9)\n    at scheduleUpdateOnFiber (C:\\Users\\omarb\\varastonhallinta\\client\\node_modules\\react-dom\\cjs\\react-dom.development.js:21188:7)\n    at updateContainer (C:\\Users\\omarb\\varastonhallinta\\client\\node_modules\\react-dom\\cjs\\react-dom.development.js:24373:3)\n    at C:\\Users\\omarb\\varastonhallinta\\client\\node_modules\\react-dom\\cjs\\react-dom.development.js:24758:7\n    at unbatchedUpdates (C:\\Users\\omarb\\varastonhallinta\\client\\node_modules\\react-dom\\cjs\\react-dom.development.js:21903:12)\n    at legacyRenderSubtreeIntoContainer (C:\\Users\\omarb\\varastonhallinta\\client\\node_modules\\react-dom\\cjs\\react-dom.development.js:24757:5)\n    at Object.render (C:\\Users\\omarb\\varastonhallinta\\client\\node_modules\\react-dom\\cjs\\react-dom.development.js:24840:10)\n    at C:\\Users\\omarb\\varastonhallinta\\client\\node_modules\\@testing-library\\react\\dist\\pure.js:86:25\n    at batchedUpdates$1 (C:\\Users\\omarb\\varastonhallinta\\client\\node_modules\\react-dom\\cjs\\react-dom.development.js:21856:12)\n    at act (C:\\Users\\omarb\\varastonhallinta\\client\\node_modules\\react-dom\\cjs\\react-dom-test-utils.development.js:929:14)\n    at render (C:\\Users\\omarb\\varastonhallinta\\client\\node_modules\\@testing-library\\react\\dist\\pure.js:82:26)\n    at Object.<anonymous> (C:\\Users\\omarb\\varastonhallinta\\client\\src\\models\\ProductList.test.js:33:21)\n    at Object.asyncJestTest (C:\\Users\\omarb\\varastonhallinta\\client\\node_modules\\jest-jasmine2\\build\\jasmineAsyncInstall.js:102:37)\n    at C:\\Users\\omarb\\varastonhallinta\\client\\node_modules\\jest-jasmine2\\build\\queueRunner.js:43:12\n    at new Promise (<anonymous>)\n    at mapper (C:\\Users\\omarb\\varastonhallinta\\client\\node_modules\\jest-jasmine2\\build\\queueRunner.js:26:19)\n    at C:\\Users\\omarb\\varastonhallinta\\client\\node_modules\\jest-jasmine2\\build\\queueRunner.js:73:41"],"fullName":"renders amount","location":null,"status":"failed","title":"renders amount"}],"endTime":1602156188956,"message":"\u001b[1m\u001b[31m  \u001b[1m● \u001b[1mrenders array of products\u001b[39m\u001b[22m\n\n    ProductList(...): Nothing was returned from render. This usually means a return statement is missing. Or, to render nothing, return null.\n\u001b[2m\u001b[22m\n\u001b[2m    \u001b[0m \u001b[90m 21 | \u001b[39mtest(\u001b[32m'renders array of products'\u001b[39m\u001b[33m,\u001b[39m () \u001b[33m=>\u001b[39m {\u001b[0m\u001b[22m\n\u001b[2m    \u001b[0m \u001b[90m 22 | \u001b[39m\u001b[0m\u001b[22m\n\u001b[2m    \u001b[0m\u001b[31m\u001b[1m>\u001b[2m\u001b[39m\u001b[90m 23 | \u001b[39m  \u001b[36mconst\u001b[39m component \u001b[33m=\u001b[39m render(\u001b[33m<\u001b[39m\u001b[33mProductList\u001b[39m products\u001b[33m=\u001b[39m{products}\u001b[33m/\u001b[39m\u001b[33m>\u001b[39m)\u001b[0m\u001b[22m\n\u001b[2m    \u001b[0m \u001b[90m    | \u001b[39m                    \u001b[31m\u001b[1m^\u001b[2m\u001b[39m\u001b[0m\u001b[22m\n\u001b[2m    \u001b[0m \u001b[90m 24 | \u001b[39m  \u001b[36mconst\u001b[39m element \u001b[33m=\u001b[39m component\u001b[33m.\u001b[39mgetByText(\u001b[35m/Apple/i\u001b[39m)\u001b[33m;\u001b[39m\u001b[0m\u001b[22m\n\u001b[2m    \u001b[0m \u001b[90m 25 | \u001b[39m\u001b[0m\u001b[22m\n\u001b[2m    \u001b[0m \u001b[90m 26 | \u001b[39m})\u001b[33m;\u001b[39m\u001b[0m\u001b[22m\n\u001b[2m\u001b[22m\n\u001b[2m      \u001b[2mat reconcileChildFibers (\u001b[2mnode_modules/react-dom/cjs/react-dom.development.js\u001b[2m:14348:23)\u001b[2m\u001b[22m\n\u001b[2m      \u001b[2mat reconcileChildren (\u001b[2mnode_modules/react-dom/cjs/react-dom.development.js\u001b[2m:16762:28)\u001b[2m\u001b[22m\n\u001b[2m      \u001b[2mat mountIndeterminateComponent (\u001b[2mnode_modules/react-dom/cjs/react-dom.development.js\u001b[2m:17542:5)\u001b[2m\u001b[22m\n\u001b[2m      \u001b[2mat beginWork (\u001b[2mnode_modules/react-dom/cjs/react-dom.development.js\u001b[2m:18596:16)\u001b[2m\u001b[22m\n\u001b[2m      \u001b[2mat HTMLUnknownElement.callCallback (\u001b[2mnode_modules/react-dom/cjs/react-dom.development.js\u001b[2m:188:14)\u001b[2m\u001b[22m\n\u001b[2m      \u001b[2mat Object.invokeGuardedCallbackDev (\u001b[2mnode_modules/react-dom/cjs/react-dom.development.js\u001b[2m:237:16)\u001b[2m\u001b[22m\n\u001b[2m      \u001b[2mat invokeGuardedCallback (\u001b[2mnode_modules/react-dom/cjs/react-dom.development.js\u001b[2m:292:31)\u001b[2m\u001b[22m\n\u001b[2m      \u001b[2mat beginWork$1 (\u001b[2mnode_modules/react-dom/cjs/react-dom.development.js\u001b[2m:23203:7)\u001b[2m\u001b[22m\n\u001b[2m      \u001b[2mat performUnitOfWork (\u001b[2mnode_modules/react-dom/cjs/react-dom.development.js\u001b[2m:22157:12)\u001b[2m\u001b[22m\n\u001b[2m      \u001b[2mat workLoopSync (\u001b[2mnode_modules/react-dom/cjs/react-dom.development.js\u001b[2m:22130:22)\u001b[2m\u001b[22m\n\u001b[2m      \u001b[2mat performSyncWorkOnRoot (\u001b[2mnode_modules/react-dom/cjs/react-dom.development.js\u001b[2m:21756:9)\u001b[2m\u001b[22m\n\u001b[2m      \u001b[2mat scheduleUpdateOnFiber (\u001b[2mnode_modules/react-dom/cjs/react-dom.development.js\u001b[2m:21188:7)\u001b[2m\u001b[22m\n\u001b[2m      \u001b[2mat updateContainer (\u001b[2mnode_modules/react-dom/cjs/react-dom.development.js\u001b[2m:24373:3)\u001b[2m\u001b[22m\n\u001b[2m      \u001b[2mat \u001b[2mnode_modules/react-dom/cjs/react-dom.development.js\u001b[2m:24758:7\u001b[2m\u001b[22m\n\u001b[2m      \u001b[2mat unbatchedUpdates (\u001b[2mnode_modules/react-dom/cjs/react-dom.development.js\u001b[2m:21903:12)\u001b[2m\u001b[22m\n\u001b[2m      \u001b[2mat legacyRenderSubtreeIntoContainer (\u001b[2mnode_modules/react-dom/cjs/react-dom.development.js\u001b[2m:24757:5)\u001b[2m\u001b[22m\n\u001b[2m      \u001b[2mat Object.render (\u001b[2mnode_modules/react-dom/cjs/react-dom.development.js\u001b[2m:24840:10)\u001b[2m\u001b[22m\n\u001b[2m      \u001b[2mat \u001b[2mnode_modules/@testing-library/react/dist/pure.js\u001b[2m:86:25\u001b[2m\u001b[22m\n\u001b[2m      \u001b[2mat batchedUpdates$1 (\u001b[2mnode_modules/react-dom/cjs/react-dom.development.js\u001b[2m:21856:12)\u001b[2m\u001b[22m\n\u001b[2m      \u001b[2mat act (\u001b[2mnode_modules/react-dom/cjs/react-dom-test-utils.development.js\u001b[2m:929:14)\u001b[2m\u001b[22m\n\u001b[2m      \u001b[2mat render (\u001b[2mnode_modules/@testing-library/react/dist/pure.js\u001b[2m:82:26)\u001b[2m\u001b[22m\n\u001b[2m      \u001b[2mat Object.<anonymous> (\u001b[2m\u001b[0m\u001b[36msrc/models/ProductList.test.js\u001b[39m\u001b[0m\u001b[2m:23:21)\u001b[2m\u001b[22m\n\n\u001b[1m\u001b[31m  \u001b[1m● \u001b[1mrenders product\u001b[39m\u001b[22m\n\n    ProductList(...): Nothing was returned from render. This usually means a return statement is missing. Or, to render nothing, return null.\n\u001b[2m\u001b[22m\n\u001b[2m    \u001b[0m \u001b[90m 26 | \u001b[39m})\u001b[33m;\u001b[39m\u001b[0m\u001b[22m\n\u001b[2m    \u001b[0m \u001b[90m 27 | \u001b[39mtest(\u001b[32m'renders product'\u001b[39m\u001b[33m,\u001b[39m() \u001b[33m=>\u001b[39m {\u001b[0m\u001b[22m\n\u001b[2m    \u001b[0m\u001b[31m\u001b[1m>\u001b[2m\u001b[39m\u001b[90m 28 | \u001b[39m  \u001b[36mconst\u001b[39m component \u001b[33m=\u001b[39m render(\u001b[33m<\u001b[39m\u001b[33mProductList\u001b[39m products\u001b[33m=\u001b[39m{products}\u001b[33m/\u001b[39m\u001b[33m>\u001b[39m)\u001b[0m\u001b[22m\n\u001b[2m    \u001b[0m \u001b[90m    | \u001b[39m                    \u001b[31m\u001b[1m^\u001b[2m\u001b[39m\u001b[0m\u001b[22m\n\u001b[2m    \u001b[0m \u001b[90m 29 | \u001b[39m  expect(component\u001b[33m.\u001b[39mcontainer)\u001b[33m.\u001b[39mtoHaveTextContent(\u001b[32m\"Acer\"\u001b[39m)\u001b[33m;\u001b[39m\u001b[0m\u001b[22m\n\u001b[2m    \u001b[0m \u001b[90m 30 | \u001b[39m\u001b[0m\u001b[22m\n\u001b[2m    \u001b[0m \u001b[90m 31 | \u001b[39m})\u001b[33m;\u001b[39m\u001b[0m\u001b[22m\n\u001b[2m\u001b[22m\n\u001b[2m      \u001b[2mat reconcileChildFibers (\u001b[2mnode_modules/react-dom/cjs/react-dom.development.js\u001b[2m:14348:23)\u001b[2m\u001b[22m\n\u001b[2m      \u001b[2mat reconcileChildren (\u001b[2mnode_modules/react-dom/cjs/react-dom.development.js\u001b[2m:16762:28)\u001b[2m\u001b[22m\n\u001b[2m      \u001b[2mat mountIndeterminateComponent (\u001b[2mnode_modules/react-dom/cjs/react-dom.development.js\u001b[2m:17542:5)\u001b[2m\u001b[22m\n\u001b[2m      \u001b[2mat beginWork (\u001b[2mnode_modules/react-dom/cjs/react-dom.development.js\u001b[2m:18596:16)\u001b[2m\u001b[22m\n\u001b[2m      \u001b[2mat HTMLUnknownElement.callCallback (\u001b[2mnode_modules/react-dom/cjs/react-dom.development.js\u001b[2m:188:14)\u001b[2m\u001b[22m\n\u001b[2m      \u001b[2mat Object.invokeGuardedCallbackDev (\u001b[2mnode_modules/react-dom/cjs/react-dom.development.js\u001b[2m:237:16)\u001b[2m\u001b[22m\n\u001b[2m      \u001b[2mat invokeGuardedCallback (\u001b[2mnode_modules/react-dom/cjs/react-dom.development.js\u001b[2m:292:31)\u001b[2m\u001b[22m\n\u001b[2m      \u001b[2mat beginWork$1 (\u001b[2mnode_modules/react-dom/cjs/react-dom.development.js\u001b[2m:23203:7)\u001b[2m\u001b[22m\n\u001b[2m      \u001b[2mat performUnitOfWork (\u001b[2mnode_modules/react-dom/cjs/react-dom.development.js\u001b[2m:22157:12)\u001b[2m\u001b[22m\n\u001b[2m      \u001b[2mat workLoopSync (\u001b[2mnode_modules/react-dom/cjs/react-dom.development.js\u001b[2m:22130:22)\u001b[2m\u001b[22m\n\u001b[2m      \u001b[2mat performSyncWorkOnRoot (\u001b[2mnode_modules/react-dom/cjs/react-dom.development.js\u001b[2m:21756:9)\u001b[2m\u001b[22m\n\u001b[2m      \u001b[2mat scheduleUpdateOnFiber (\u001b[2mnode_modules/react-dom/cjs/react-dom.development.js\u001b[2m:21188:7)\u001b[2m\u001b[22m\n\u001b[2m      \u001b[2mat updateContainer (\u001b[2mnode_modules/react-dom/cjs/react-dom.development.js\u001b[2m:24373:3)\u001b[2m\u001b[22m\n\u001b[2m      \u001b[2mat \u001b[2mnode_modules/react-dom/cjs/react-dom.development.js\u001b[2m:24758:7\u001b[2m\u001b[22m\n\u001b[2m      \u001b[2mat unbatchedUpdates (\u001b[2mnode_modules/react-dom/cjs/react-dom.development.js\u001b[2m:21903:12)\u001b[2m\u001b[22m\n\u001b[2m      \u001b[2mat legacyRenderSubtreeIntoContainer (\u001b[2mnode_modules/react-dom/cjs/react-dom.development.js\u001b[2m:24757:5)\u001b[2m\u001b[22m\n\u001b[2m      \u001b[2mat Object.render (\u001b[2mnode_modules/react-dom/cjs/react-dom.development.js\u001b[2m:24840:10)\u001b[2m\u001b[22m\n\u001b[2m      \u001b[2mat \u001b[2mnode_modules/@testing-library/react/dist/pure.js\u001b[2m:86:25\u001b[2m\u001b[22m\n\u001b[2m      \u001b[2mat batchedUpdates$1 (\u001b[2mnode_modules/react-dom/cjs/react-dom.development.js\u001b[2m:21856:12)\u001b[2m\u001b[22m\n\u001b[2m      \u001b[2mat act (\u001b[2mnode_modules/react-dom/cjs/react-dom-test-utils.development.js\u001b[2m:929:14)\u001b[2m\u001b[22m\n\u001b[2m      \u001b[2mat render (\u001b[2mnode_modules/@testing-library/react/dist/pure.js\u001b[2m:82:26)\u001b[2m\u001b[22m\n\u001b[2m      \u001b[2mat Object.<anonymous> (\u001b[2m\u001b[0m\u001b[36msrc/models/ProductList.test.js\u001b[39m\u001b[0m\u001b[2m:28:21)\u001b[2m\u001b[22m\n\n\u001b[1m\u001b[31m  \u001b[1m● \u001b[1mrenders amount\u001b[39m\u001b[22m\n\n    ProductList(...): Nothing was returned from render. This usually means a return statement is missing. Or, to render nothing, return null.\n\u001b[2m\u001b[22m\n\u001b[2m    \u001b[0m \u001b[90m 31 | \u001b[39m})\u001b[33m;\u001b[39m\u001b[0m\u001b[22m\n\u001b[2m    \u001b[0m \u001b[90m 32 | \u001b[39mtest(\u001b[32m'renders amount'\u001b[39m\u001b[33m,\u001b[39m() \u001b[33m=>\u001b[39m {\u001b[0m\u001b[22m\n\u001b[2m    \u001b[0m\u001b[31m\u001b[1m>\u001b[2m\u001b[39m\u001b[90m 33 | \u001b[39m  \u001b[36mconst\u001b[39m component \u001b[33m=\u001b[39m render(\u001b[33m<\u001b[39m\u001b[33mProductList\u001b[39m products\u001b[33m=\u001b[39m{products}\u001b[33m/\u001b[39m\u001b[33m>\u001b[39m)\u001b[0m\u001b[22m\n\u001b[2m    \u001b[0m \u001b[90m    | \u001b[39m                    \u001b[31m\u001b[1m^\u001b[2m\u001b[39m\u001b[0m\u001b[22m\n\u001b[2m    \u001b[0m \u001b[90m 34 | \u001b[39m  expect(component\u001b[33m.\u001b[39mcontainer)\u001b[33m.\u001b[39mtoHaveTextContent(\u001b[32m\"696969696969\"\u001b[39m)\u001b[33m;\u001b[39m\u001b[0m\u001b[22m\n\u001b[2m    \u001b[0m \u001b[90m 35 | \u001b[39m\u001b[0m\u001b[22m\n\u001b[2m    \u001b[0m \u001b[90m 36 | \u001b[39m})\u001b[33m;\u001b[39m\u001b[0m\u001b[22m\n\u001b[2m\u001b[22m\n\u001b[2m      \u001b[2mat reconcileChildFibers (\u001b[2mnode_modules/react-dom/cjs/react-dom.development.js\u001b[2m:14348:23)\u001b[2m\u001b[22m\n\u001b[2m      \u001b[2mat reconcileChildren (\u001b[2mnode_modules/react-dom/cjs/react-dom.development.js\u001b[2m:16762:28)\u001b[2m\u001b[22m\n\u001b[2m      \u001b[2mat mountIndeterminateComponent (\u001b[2mnode_modules/react-dom/cjs/react-dom.development.js\u001b[2m:17542:5)\u001b[2m\u001b[22m\n\u001b[2m      \u001b[2mat beginWork (\u001b[2mnode_modules/react-dom/cjs/react-dom.development.js\u001b[2m:18596:16)\u001b[2m\u001b[22m\n\u001b[2m      \u001b[2mat HTMLUnknownElement.callCallback (\u001b[2mnode_modules/react-dom/cjs/react-dom.development.js\u001b[2m:188:14)\u001b[2m\u001b[22m\n\u001b[2m      \u001b[2mat Object.invokeGuardedCallbackDev (\u001b[2mnode_modules/react-dom/cjs/react-dom.development.js\u001b[2m:237:16)\u001b[2m\u001b[22m\n\u001b[2m      \u001b[2mat invokeGuardedCallback (\u001b[2mnode_modules/react-dom/cjs/react-dom.development.js\u001b[2m:292:31)\u001b[2m\u001b[22m\n\u001b[2m      \u001b[2mat beginWork$1 (\u001b[2mnode_modules/react-dom/cjs/react-dom.development.js\u001b[2m:23203:7)\u001b[2m\u001b[22m\n\u001b[2m      \u001b[2mat performUnitOfWork (\u001b[2mnode_modules/react-dom/cjs/react-dom.development.js\u001b[2m:22157:12)\u001b[2m\u001b[22m\n\u001b[2m      \u001b[2mat workLoopSync (\u001b[2mnode_modules/react-dom/cjs/react-dom.development.js\u001b[2m:22130:22)\u001b[2m\u001b[22m\n\u001b[2m      \u001b[2mat performSyncWorkOnRoot (\u001b[2mnode_modules/react-dom/cjs/react-dom.development.js\u001b[2m:21756:9)\u001b[2m\u001b[22m\n\u001b[2m      \u001b[2mat scheduleUpdateOnFiber (\u001b[2mnode_modules/react-dom/cjs/react-dom.development.js\u001b[2m:21188:7)\u001b[2m\u001b[22m\n\u001b[2m      \u001b[2mat updateContainer (\u001b[2mnode_modules/react-dom/cjs/react-dom.development.js\u001b[2m:24373:3)\u001b[2m\u001b[22m\n\u001b[2m      \u001b[2mat \u001b[2mnode_modules/react-dom/cjs/react-dom.development.js\u001b[2m:24758:7\u001b[2m\u001b[22m\n\u001b[2m      \u001b[2mat unbatchedUpdates (\u001b[2mnode_modules/react-dom/cjs/react-dom.development.js\u001b[2m:21903:12)\u001b[2m\u001b[22m\n\u001b[2m      \u001b[2mat legacyRenderSubtreeIntoContainer (\u001b[2mnode_modules/react-dom/cjs/react-dom.development.js\u001b[2m:24757:5)\u001b[2m\u001b[22m\n\u001b[2m      \u001b[2mat Object.render (\u001b[2mnode_modules/react-dom/cjs/react-dom.development.js\u001b[2m:24840:10)\u001b[2m\u001b[22m\n\u001b[2m      \u001b[2mat \u001b[2mnode_modules/@testing-library/react/dist/pure.js\u001b[2m:86:25\u001b[2m\u001b[22m\n\u001b[2m      \u001b[2mat batchedUpdates$1 (\u001b[2mnode_modules/react-dom/cjs/react-dom.development.js\u001b[2m:21856:12)\u001b[2m\u001b[22m\n\u001b[2m      \u001b[2mat act (\u001b[2mnode_modules/react-dom/cjs/react-dom-test-utils.development.js\u001b[2m:929:14)\u001b[2m\u001b[22m\n\u001b[2m      \u001b[2mat render (\u001b[2mnode_modules/@testing-library/react/dist/pure.js\u001b[2m:82:26)\u001b[2m\u001b[22m\n\u001b[2m      \u001b[2mat Object.<anonymous> (\u001b[2m\u001b[0m\u001b[36msrc/models/ProductList.test.js\u001b[39m\u001b[0m\u001b[2m:33:21)\u001b[2m\u001b[22m\n","name":"C:\\Users\\omarb\\varastonhallinta\\client\\src\\models\\ProductList.test.js","startTime":1602156185949,"status":"failed","summary":""},{"assertionResults":[{"ancestorTitles":[],"failureMessages":[],"fullName":"App renders","location":null,"status":"passed","title":"App renders"},{"ancestorTitles":[],"failureMessages":[],"fullName":"App click form","location":null,"status":"passed","title":"App click form"},{"ancestorTitles":[],"failureMessages":[],"fullName":"App submit form","location":null,"status":"passed","title":"App submit form"}],"endTime":1602156189854,"message":"","name":"C:\\Users\\omarb\\varastonhallinta\\client\\src\\App.test.js","startTime":1602156185900,"status":"passed","summary":""}],"wasInterrupted":false,"coverageMap":{"C:\\Users\\omarb\\varastonhallinta\\client\\src\\services\\products.js":{"path":"C:\\Users\\omarb\\varastonhallinta\\client\\src\\services\\products.js","statementMap":{"0":{"start":{"line":3,"column":16},"end":{"line":5,"column":42}},"1":{"start":{"line":7,"column":15},"end":{"line":9,"column":1}},"2":{"start":{"line":8,"column":4},"end":{"line":8,"column":29}},"3":{"start":{"line":11,"column":15},"end":{"line":15,"column":1}},"4":{"start":{"line":12,"column":21},"end":{"line":12,"column":57}},"5":{"start":{"line":14,"column":4},"end":{"line":14,"column":24}},"6":{"start":{"line":17,"column":15},"end":{"line":20,"column":1}},"7":{"start":{"line":18,"column":21},"end":{"line":18,"column":67}},"8":{"start":{"line":19,"column":4},"end":{"line":19,"column":24}},"9":{"start":{"line":21,"column":22},"end":{"line":25,"column":1}},"10":{"start":{"line":23,"column":20},"end":{"line":23,"column":52}},"11":{"start":{"line":24,"column":4},"end":{"line":24,"column":51}},"12":{"start":{"line":24,"column":37},"end":{"line":24,"column":50}}},"fnMap":{"0":{"name":"(anonymous_0)","decl":{"start":{"line":7,"column":15},"end":{"line":7,"column":16}},"loc":{"start":{"line":7,"column":21},"end":{"line":9,"column":1}},"line":7},"1":{"name":"(anonymous_1)","decl":{"start":{"line":11,"column":15},"end":{"line":11,"column":16}},"loc":{"start":{"line":11,"column":36},"end":{"line":15,"column":1}},"line":11},"2":{"name":"(anonymous_2)","decl":{"start":{"line":17,"column":15},"end":{"line":17,"column":16}},"loc":{"start":{"line":17,"column":40},"end":{"line":20,"column":1}},"line":17},"3":{"name":"(anonymous_3)","decl":{"start":{"line":21,"column":22},"end":{"line":21,"column":23}},"loc":{"start":{"line":21,"column":36},"end":{"line":25,"column":1}},"line":21},"4":{"name":"(anonymous_4)","decl":{"start":{"line":24,"column":25},"end":{"line":24,"column":26}},"loc":{"start":{"line":24,"column":37},"end":{"line":24,"column":50}},"line":24}},"branchMap":{"0":{"loc":{"start":{"line":3,"column":16},"end":{"line":5,"column":42}},"type":"cond-expr","locations":[{"start":{"line":4,"column":6},"end":{"line":4,"column":64}},{"start":{"line":5,"column":6},"end":{"line":5,"column":42}}],"line":3}},"s":{"0":3,"1":3,"2":4,"3":3,"4":2,"5":1,"6":3,"7":1,"8":1,"9":3,"10":1,"11":1,"12":1},"f":{"0":4,"1":2,"2":1,"3":1,"4":1},"b":{"0":[0,3]},"_coverageSchema":"43e27e138ebf9cfc5966b082cf9a028302ed4184","hash":"8aa1292b7fdbf906905fa346f4e4da90065fe2f9"},"C:\\Users\\omarb\\varastonhallinta\\client\\src\\App.js":{"path":"C:\\Users\\omarb\\varastonhallinta\\client\\src\\App.js","statementMap":{"0":{"start":{"line":8,"column":0},"end":{"line":8,"column":26}},"1":{"start":{"line":13,"column":4},"end":{"line":13,"column":11}},"2":{"start":{"line":14,"column":4},"end":{"line":14,"column":80}},"3":{"start":{"line":20,"column":4},"end":{"line":24,"column":8}},"4":{"start":{"line":23,"column":8},"end":{"line":23,"column":48}},"5":{"start":{"line":26,"column":14},"end":{"line":33,"column":3}},"6":{"start":{"line":28,"column":4},"end":{"line":32,"column":5}},"7":{"start":{"line":29,"column":6},"end":{"line":29,"column":69}},"8":{"start":{"line":31,"column":6},"end":{"line":31,"column":78}},"9":{"start":{"line":34,"column":17},"end":{"line":38,"column":3}},"10":{"start":{"line":36,"column":4},"end":{"line":36,"column":74}},"11":{"start":{"line":39,"column":17},"end":{"line":46,"column":3}},"12":{"start":{"line":40,"column":4},"end":{"line":44,"column":8}},"13":{"start":{"line":43,"column":8},"end":{"line":43,"column":105}},"14":{"start":{"line":43,"column":90},"end":{"line":43,"column":101}},"15":{"start":{"line":45,"column":4},"end":{"line":45,"column":42}},"16":{"start":{"line":47,"column":15},"end":{"line":74,"column":3}},"17":{"start":{"line":49,"column":4},"end":{"line":73,"column":5}},"18":{"start":{"line":51,"column":15},"end":{"line":51,"column":36}},"19":{"start":{"line":53,"column":6},"end":{"line":57,"column":10}},"20":{"start":{"line":56,"column":10},"end":{"line":56,"column":106}},"21":{"start":{"line":56,"column":70},"end":{"line":56,"column":103}},"22":{"start":{"line":61,"column":6},"end":{"line":71,"column":10}},"23":{"start":{"line":69,"column":10},"end":{"line":69,"column":68}},"24":{"start":{"line":76,"column":4},"end":{"line":102,"column":5}}},"fnMap":{"0":{"name":"(anonymous_0)","decl":{"start":{"line":12,"column":2},"end":{"line":12,"column":3}},"loc":{"start":{"line":12,"column":15},"end":{"line":16,"column":3}},"line":12},"1":{"name":"(anonymous_1)","decl":{"start":{"line":18,"column":2},"end":{"line":18,"column":3}},"loc":{"start":{"line":18,"column":22},"end":{"line":25,"column":3}},"line":18},"2":{"name":"(anonymous_2)","decl":{"start":{"line":22,"column":12},"end":{"line":22,"column":13}},"loc":{"start":{"line":22,"column":24},"end":{"line":24,"column":7}},"line":22},"3":{"name":"(anonymous_3)","decl":{"start":{"line":26,"column":14},"end":{"line":26,"column":15}},"loc":{"start":{"line":26,"column":24},"end":{"line":33,"column":3}},"line":26},"4":{"name":"(anonymous_4)","decl":{"start":{"line":34,"column":17},"end":{"line":34,"column":18}},"loc":{"start":{"line":34,"column":22},"end":{"line":38,"column":3}},"line":34},"5":{"name":"(anonymous_5)","decl":{"start":{"line":39,"column":17},"end":{"line":39,"column":18}},"loc":{"start":{"line":39,"column":25},"end":{"line":46,"column":3}},"line":39},"6":{"name":"(anonymous_6)","decl":{"start":{"line":42,"column":12},"end":{"line":42,"column":13}},"loc":{"start":{"line":42,"column":18},"end":{"line":44,"column":7}},"line":42},"7":{"name":"(anonymous_7)","decl":{"start":{"line":43,"column":85},"end":{"line":43,"column":86}},"loc":{"start":{"line":43,"column":90},"end":{"line":43,"column":101}},"line":43},"8":{"name":"(anonymous_8)","decl":{"start":{"line":47,"column":15},"end":{"line":47,"column":16}},"loc":{"start":{"line":47,"column":36},"end":{"line":74,"column":3}},"line":47},"9":{"name":"(anonymous_9)","decl":{"start":{"line":55,"column":14},"end":{"line":55,"column":15}},"loc":{"start":{"line":55,"column":21},"end":{"line":57,"column":9}},"line":55},"10":{"name":"(anonymous_10)","decl":{"start":{"line":56,"column":59},"end":{"line":56,"column":60}},"loc":{"start":{"line":56,"column":70},"end":{"line":56,"column":103}},"line":56},"11":{"name":"(anonymous_11)","decl":{"start":{"line":68,"column":14},"end":{"line":68,"column":15}},"loc":{"start":{"line":68,"column":21},"end":{"line":71,"column":9}},"line":68},"12":{"name":"(anonymous_12)","decl":{"start":{"line":75,"column":2},"end":{"line":75,"column":3}},"loc":{"start":{"line":75,"column":11},"end":{"line":103,"column":3}},"line":75}},"branchMap":{"0":{"loc":{"start":{"line":28,"column":4},"end":{"line":32,"column":5}},"type":"if","locations":[{"start":{"line":28,"column":4},"end":{"line":32,"column":5}},{"start":{"line":28,"column":4},"end":{"line":32,"column":5}}],"line":28},"1":{"loc":{"start":{"line":49,"column":4},"end":{"line":73,"column":5}},"type":"if","locations":[{"start":{"line":49,"column":4},"end":{"line":73,"column":5}},{"start":{"line":49,"column":4},"end":{"line":73,"column":5}}],"line":49},"2":{"loc":{"start":{"line":56,"column":70},"end":{"line":56,"column":103}},"type":"cond-expr","locations":[{"start":{"line":56,"column":90},"end":{"line":56,"column":97}},{"start":{"line":56,"column":100},"end":{"line":56,"column":103}}],"line":56},"3":{"loc":{"start":{"line":81,"column":11},"end":{"line":89,"column":57}},"type":"cond-expr","locations":[{"start":{"line":83,"column":12},"end":{"line":85,"column":14}},{"start":{"line":89,"column":12},"end":{"line":89,"column":57}}],"line":81}},"s":{"0":2,"1":3,"2":3,"3":3,"4":0,"5":3,"6":1,"7":0,"8":1,"9":3,"10":1,"11":3,"12":0,"13":0,"14":0,"15":0,"16":3,"17":1,"18":0,"19":0,"20":0,"21":0,"22":1,"23":0,"24":5},"f":{"0":3,"1":3,"2":0,"3":1,"4":1,"5":0,"6":0,"7":0,"8":1,"9":0,"10":0,"11":0,"12":5},"b":{"0":[0,1],"1":[0,1],"2":[0,0],"3":[0,0]},"_coverageSchema":"43e27e138ebf9cfc5966b082cf9a028302ed4184","hash":"763057070a2bc7cbb9bfe1d681b3fec280e8314e"},"C:\\Users\\omarb\\varastonhallinta\\client\\src\\models\\ProductList.js":{"path":"C:\\Users\\omarb\\varastonhallinta\\client\\src\\models\\ProductList.js","statementMap":{"0":{"start":{"line":7,"column":2},"end":{"line":24,"column":4}},"1":{"start":{"line":18,"column":8},"end":{"line":18,"column":82}}},"fnMap":{"0":{"name":"ProductList","decl":{"start":{"line":6,"column":9},"end":{"line":6,"column":20}},"loc":{"start":{"line":6,"column":28},"end":{"line":25,"column":1}},"line":6},"1":{"name":"(anonymous_1)","decl":{"start":{"line":17,"column":26},"end":{"line":17,"column":27}},"loc":{"start":{"line":17,"column":43},"end":{"line":19,"column":7}},"line":17}},"branchMap":{},"s":{"0":6,"1":0},"f":{"0":6,"1":0},"b":{},"_coverageSchema":"43e27e138ebf9cfc5966b082cf9a028302ed4184","hash":"3e94c940509f06312f886b0492c1619a5598e206"},"C:\\Users\\omarb\\varastonhallinta\\client\\src\\models\\Product.js":{"path":"C:\\Users\\omarb\\varastonhallinta\\client\\src\\models\\Product.js","statementMap":{"0":{"start":{"line":6,"column":2},"end":{"line":14,"column":4}},"1":{"start":{"line":10,"column":23},"end":{"line":10,"column":47}}},"fnMap":{"0":{"name":"Product","decl":{"start":{"line":5,"column":9},"end":{"line":5,"column":16}},"loc":{"start":{"line":5,"column":24},"end":{"line":15,"column":1}},"line":5},"1":{"name":"(anonymous_1)","decl":{"start":{"line":10,"column":17},"end":{"line":10,"column":18}},"loc":{"start":{"line":10,"column":23},"end":{"line":10,"column":47}},"line":10}},"branchMap":{},"s":{"0":4,"1":0},"f":{"0":4,"1":0},"b":{},"_coverageSchema":"43e27e138ebf9cfc5966b082cf9a028302ed4184","hash":"ae6a3e7163d08bf3ba1de3eab4628aa763aca9b6"},"C:\\Users\\omarb\\varastonhallinta\\client\\src\\models\\ProductForm.js":{"path":"C:\\Users\\omarb\\varastonhallinta\\client\\src\\models\\ProductForm.js","statementMap":{"0":{"start":{"line":4,"column":13},"end":{"line":4,"column":30}},"1":{"start":{"line":5,"column":12},"end":{"line":5,"column":29}},"2":{"start":{"line":6,"column":14},"end":{"line":6,"column":31}},"3":{"start":{"line":10,"column":4},"end":{"line":10,"column":11}},"4":{"start":{"line":13,"column":4},"end":{"line":13,"column":27}},"5":{"start":{"line":14,"column":4},"end":{"line":14,"column":98}},"6":{"start":{"line":17,"column":2},"end":{"line":38,"column":4}},"7":{"start":{"line":34,"column":78},"end":{"line":34,"column":124}},"8":{"start":{"line":41,"column":0},"end":{"line":48,"column":2}}},"fnMap":{"0":{"name":"(anonymous_0)","decl":{"start":{"line":9,"column":2},"end":{"line":9,"column":3}},"loc":{"start":{"line":9,"column":15},"end":{"line":11,"column":3}},"line":9},"1":{"name":"(anonymous_1)","decl":{"start":{"line":12,"column":2},"end":{"line":12,"column":3}},"loc":{"start":{"line":12,"column":21},"end":{"line":15,"column":3}},"line":12},"2":{"name":"(anonymous_2)","decl":{"start":{"line":16,"column":2},"end":{"line":16,"column":3}},"loc":{"start":{"line":16,"column":10},"end":{"line":39,"column":1}},"line":16},"3":{"name":"(anonymous_3)","decl":{"start":{"line":34,"column":72},"end":{"line":34,"column":73}},"loc":{"start":{"line":34,"column":78},"end":{"line":34,"column":124}},"line":34}},"branchMap":{"0":{"loc":{"start":{"line":14,"column":65},"end":{"line":14,"column":97}},"type":"binary-expr","locations":[{"start":{"line":14,"column":65},"end":{"line":14,"column":84}},{"start":{"line":14,"column":88},"end":{"line":14,"column":97}}],"line":14},"1":{"loc":{"start":{"line":22,"column":96},"end":{"line":22,"column":132}},"type":"binary-expr","locations":[{"start":{"line":22,"column":96},"end":{"line":22,"column":119}},{"start":{"line":22,"column":123},"end":{"line":22,"column":132}}],"line":22},"2":{"loc":{"start":{"line":28,"column":83},"end":{"line":28,"column":118}},"type":"binary-expr","locations":[{"start":{"line":28,"column":83},"end":{"line":28,"column":105}},{"start":{"line":28,"column":109},"end":{"line":28,"column":118}}],"line":28},"3":{"loc":{"start":{"line":32,"column":82},"end":{"line":32,"column":120}},"type":"binary-expr","locations":[{"start":{"line":32,"column":82},"end":{"line":32,"column":107}},{"start":{"line":32,"column":111},"end":{"line":32,"column":120}}],"line":32},"4":{"loc":{"start":{"line":34,"column":7},"end":{"line":34,"column":141}},"type":"binary-expr","locations":[{"start":{"line":34,"column":7},"end":{"line":34,"column":32}},{"start":{"line":34,"column":36},"end":{"line":34,"column":141}}],"line":34}},"s":{"0":3,"1":3,"2":3,"3":6,"4":0,"5":0,"6":6,"7":0,"8":3},"f":{"0":6,"1":0,"2":6,"3":0},"b":{"0":[0,0],"1":[0,0],"2":[0,0],"3":[0,0],"4":[0,0]},"_coverageSchema":"43e27e138ebf9cfc5966b082cf9a028302ed4184","hash":"01894c809a7be7be776115aca9aba70815ea7c40"},"C:\\Users\\omarb\\varastonhallinta\\client\\src\\index.js":{"path":"C:\\Users\\omarb\\varastonhallinta\\client\\src\\index.js","statementMap":{"0":{"start":{"line":8,"column":0},"end":{"line":10,"column":28}},"1":{"start":{"line":12,"column":0},"end":{"line":17,"column":2}}},"fnMap":{},"branchMap":{"0":{"loc":{"start":{"line":8,"column":25},"end":{"line":10,"column":26}},"type":"cond-expr","locations":[{"start":{"line":9,"column":3},"end":{"line":9,"column":49}},{"start":{"line":10,"column":3},"end":{"line":10,"column":26}}],"line":8}},"s":{"0":1,"1":1},"f":{},"b":{"0":[0,1]},"_coverageSchema":"43e27e138ebf9cfc5966b082cf9a028302ed4184","hash":"022d83cfe24c7ba963094ba848c1e4bffa317ed3"}}}