TN:
SF:app.js
FN:29,(anonymous_0)
FN:34,(anonymous_1)
FNF:2
FNH:0
FNDA:0,(anonymous_0)
FNDA:0,(anonymous_1)
DA:1,1
DA:2,1
DA:3,1
DA:4,1
DA:5,1
DA:6,1
DA:8,1
DA:9,1
DA:11,1
DA:14,1
DA:15,1
DA:16,1
DA:18,1
DA:19,1
DA:20,1
DA:21,1
DA:22,1
DA:24,1
DA:25,1
DA:29,1
DA:30,0
DA:34,1
DA:36,0
DA:37,0
DA:40,0
DA:41,0
DA:44,1
LF:27
LH:22
BRDA:37,0,0,0
BRDA:37,0,1,0
BRDA:40,1,0,0
BRDA:40,1,1,0
BRF:4
BRH:0
end_of_record
TN:
SF:models\product.js
FN:13,(anonymous_0)
FN:15,(anonymous_1)
FN:24,(anonymous_2)
FNF:3
FNH:2
FNDA:1,(anonymous_0)
FNDA:0,(anonymous_1)
FNDA:9,(anonymous_2)
DA:1,1
DA:2,1
DA:4,1
DA:6,1
DA:7,1
DA:12,1
DA:13,1
DA:15,0
DA:17,1
DA:23,1
DA:25,9
DA:26,9
DA:27,9
DA:31,1
LF:14
LH:13
BRDA:6,0,0,1
BRDA:6,0,1,0
BRF:2
BRH:1
end_of_record
TN:
SF:routes\products.js
FN:11,(anonymous_0)
FN:12,(anonymous_1)
FN:17,(anonymous_2)
FN:30,(anonymous_3)
FN:34,(anonymous_4)
FN:43,(anonymous_5)
FNF:6
FNH:3
FNDA:3,(anonymous_0)
FNDA:3,(anonymous_1)
FNDA:0,(anonymous_2)
FNDA:0,(anonymous_3)
FNDA:0,(anonymous_4)
FNDA:1,(anonymous_5)
DA:1,1
DA:2,1
DA:3,1
DA:4,1
DA:7,1
DA:11,1
DA:12,3
DA:13,3
DA:17,1
DA:18,0
DA:20,0
DA:21,0
DA:24,0
DA:30,0
DA:31,0
DA:34,1
DA:36,0
DA:39,0
DA:40,0
DA:43,1
DA:44,1
DA:45,1
DA:49,1
LF:23
LH:14
BRDA:20,0,0,0
BRDA:20,0,1,0
BRF:2
BRH:0
end_of_record
TN:
SF:routes\users.js
FN:5,(anonymous_0)
FNF:1
FNH:0
FNDA:0,(anonymous_0)
DA:1,1
DA:2,1
DA:5,1
DA:6,0
DA:9,1
LF:5
LH:4
BRF:0
BRH:0
end_of_record
TN:
SF:utils\list_helper.js
FN:1,(anonymous_0)
FNF:1
FNH:1
FNDA:1,(anonymous_0)
DA:1,1
DA:3,1
DA:6,1
LF:3
LH:3
BRF:0
BRH:0
end_of_record
